{"/home/parmeshragav.e/phase2_project/src/App.tsx": {"path":"/home/parmeshragav.e/phase2_project/src/App.tsx","statementMap":{"0":{"start":{"line":19,"column":2},"end":{"line":46,"column":4}}},"fnMap":{"0":{"name":"App","decl":{"start":{"line":18,"column":9},"end":{"line":18,"column":12}},"loc":{"start":{"line":18,"column":15},"end":{"line":47,"column":1}},"line":18}},"branchMap":{},"s":{"0":0},"f":{"0":0},"b":{}}
,"/home/parmeshragav.e/phase2_project/src/main.tsx": {"path":"/home/parmeshragav.e/phase2_project/src/main.tsx","statementMap":{"0":{"start":{"line":13,"column":20},"end":{"line":13,"column":51}},"1":{"start":{"line":15,"column":0},"end":{"line":17,"column":1}},"2":{"start":{"line":16,"column":2},"end":{"line":16,"column":44}},"3":{"start":{"line":19,"column":0},"end":{"line":29,"column":2}}},"fnMap":{},"branchMap":{"0":{"loc":{"start":{"line":15,"column":0},"end":{"line":17,"column":1}},"type":"if","locations":[{"start":{"line":15,"column":0},"end":{"line":17,"column":1}},{"start":{},"end":{}}],"line":15}},"s":{"0":0,"1":0,"2":0,"3":0},"f":{},"b":{"0":[0,0]}}
,"/home/parmeshragav.e/phase2_project/src/Components/BooksCategoryDropdown.tsx": {"path":"/home/parmeshragav.e/phase2_project/src/Components/BooksCategoryDropdown.tsx","statementMap":{"0":{"start":{"line":10,"column":19},"end":{"line":18,"column":1}},"1":{"start":{"line":21,"column":34},"end":{"line":21,"column":68}},"2":{"start":{"line":24,"column":4},"end":{"line":24,"column":76}},"3":{"start":{"line":24,"column":27},"end":{"line":24,"column":47}},"4":{"start":{"line":26,"column":2},"end":{"line":91,"column":4}},"5":{"start":{"line":40,"column":24},"end":{"line":40,"column":52}},"6":{"start":{"line":58,"column":23},"end":{"line":58,"column":40}},"7":{"start":{"line":69,"column":12},"end":{"line":69,"column":30}},"8":{"start":{"line":70,"column":12},"end":{"line":70,"column":42}},"9":{"start":{"line":77,"column":10},"end":{"line":85,"column":21}},"10":{"start":{"line":80,"column":14},"end":{"line":80,"column":32}},"11":{"start":{"line":81,"column":14},"end":{"line":81,"column":35}}},"fnMap":{"0":{"name":"BooksCategoryDropdown","decl":{"start":{"line":20,"column":24},"end":{"line":20,"column":45}},"loc":{"start":{"line":20,"column":77},"end":{"line":92,"column":1}},"line":20},"1":{"name":"(anonymous_1)","decl":{"start":{"line":24,"column":20},"end":{"line":24,"column":21}},"loc":{"start":{"line":24,"column":27},"end":{"line":24,"column":47}},"line":24},"2":{"name":"(anonymous_2)","decl":{"start":{"line":40,"column":17},"end":{"line":40,"column":18}},"loc":{"start":{"line":40,"column":24},"end":{"line":40,"column":52}},"line":40},"3":{"name":"(anonymous_3)","decl":{"start":{"line":58,"column":17},"end":{"line":58,"column":18}},"loc":{"start":{"line":58,"column":23},"end":{"line":58,"column":40}},"line":58},"4":{"name":"(anonymous_4)","decl":{"start":{"line":68,"column":19},"end":{"line":68,"column":20}},"loc":{"start":{"line":68,"column":25},"end":{"line":71,"column":11}},"line":68},"5":{"name":"(anonymous_5)","decl":{"start":{"line":76,"column":24},"end":{"line":76,"column":25}},"loc":{"start":{"line":77,"column":10},"end":{"line":85,"column":21}},"line":77},"6":{"name":"(anonymous_6)","decl":{"start":{"line":79,"column":21},"end":{"line":79,"column":22}},"loc":{"start":{"line":79,"column":27},"end":{"line":82,"column":13}},"line":79}},"branchMap":{"0":{"loc":{"start":{"line":24,"column":4},"end":{"line":24,"column":76}},"type":"binary-expr","locations":[{"start":{"line":24,"column":4},"end":{"line":24,"column":55}},{"start":{"line":24,"column":59},"end":{"line":24,"column":76}}],"line":24}},"s":{"0":0,"1":0,"2":0,"3":0,"4":0,"5":0,"6":0,"7":0,"8":0,"9":0,"10":0,"11":0},"f":{"0":0,"1":0,"2":0,"3":0,"4":0,"5":0,"6":0},"b":{"0":[0,0]}}
,"/home/parmeshragav.e/phase2_project/src/Components/FavoriteHeart.tsx": {"path":"/home/parmeshragav.e/phase2_project/src/Components/FavoriteHeart.tsx","statementMap":{"0":{"start":{"line":14,"column":19},"end":{"line":14,"column":64}},"1":{"start":{"line":14,"column":53},"end":{"line":14,"column":63}},"2":{"start":{"line":16,"column":28},"end":{"line":16,"column":43}},"3":{"start":{"line":18,"column":2},"end":{"line":24,"column":26}},"4":{"start":{"line":19,"column":4},"end":{"line":23,"column":5}},"5":{"start":{"line":20,"column":19},"end":{"line":20,"column":46}},"6":{"start":{"line":21,"column":21},"end":{"line":21,"column":65}},"7":{"start":{"line":21,"column":43},"end":{"line":21,"column":64}},"8":{"start":{"line":22,"column":6},"end":{"line":22,"column":23}},"9":{"start":{"line":26,"column":25},"end":{"line":41,"column":3}},"10":{"start":{"line":27,"column":4},"end":{"line":27,"column":24}},"11":{"start":{"line":29,"column":4},"end":{"line":32,"column":5}},"12":{"start":{"line":30,"column":6},"end":{"line":30,"column":46}},"13":{"start":{"line":31,"column":6},"end":{"line":31,"column":13}},"14":{"start":{"line":34,"column":4},"end":{"line":40,"column":5}},"15":{"start":{"line":35,"column":6},"end":{"line":35,"column":49}},"16":{"start":{"line":36,"column":6},"end":{"line":36,"column":22}},"17":{"start":{"line":38,"column":6},"end":{"line":38,"column":42}},"18":{"start":{"line":39,"column":6},"end":{"line":39,"column":21}},"19":{"start":{"line":43,"column":2},"end":{"line":62,"column":4}}},"fnMap":{"0":{"name":"FavoriteHeart","decl":{"start":{"line":13,"column":24},"end":{"line":13,"column":37}},"loc":{"start":{"line":13,"column":58},"end":{"line":63,"column":1}},"line":13},"1":{"name":"(anonymous_1)","decl":{"start":{"line":14,"column":31},"end":{"line":14,"column":32}},"loc":{"start":{"line":14,"column":53},"end":{"line":14,"column":63}},"line":14},"2":{"name":"(anonymous_2)","decl":{"start":{"line":18,"column":12},"end":{"line":18,"column":13}},"loc":{"start":{"line":18,"column":18},"end":{"line":24,"column":3}},"line":18},"3":{"name":"(anonymous_3)","decl":{"start":{"line":21,"column":31},"end":{"line":21,"column":32}},"loc":{"start":{"line":21,"column":43},"end":{"line":21,"column":64}},"line":21},"4":{"name":"(anonymous_4)","decl":{"start":{"line":26,"column":25},"end":{"line":26,"column":26}},"loc":{"start":{"line":26,"column":50},"end":{"line":41,"column":3}},"line":26}},"branchMap":{"0":{"loc":{"start":{"line":19,"column":4},"end":{"line":23,"column":5}},"type":"if","locations":[{"start":{"line":19,"column":4},"end":{"line":23,"column":5}},{"start":{},"end":{}}],"line":19},"1":{"loc":{"start":{"line":29,"column":4},"end":{"line":32,"column":5}},"type":"if","locations":[{"start":{"line":29,"column":4},"end":{"line":32,"column":5}},{"start":{},"end":{}}],"line":29},"2":{"loc":{"start":{"line":34,"column":4},"end":{"line":40,"column":5}},"type":"if","locations":[{"start":{"line":34,"column":4},"end":{"line":40,"column":5}},{"start":{"line":37,"column":11},"end":{"line":40,"column":5}}],"line":34},"3":{"loc":{"start":{"line":55,"column":9},"end":{"line":59,"column":9}},"type":"cond-expr","locations":[{"start":{"line":56,"column":10},"end":{"line":56,"column":48}},{"start":{"line":58,"column":10},"end":{"line":58,"column":55}}],"line":55}},"s":{"0":6,"1":12,"2":6,"3":6,"4":6,"5":0,"6":0,"7":0,"8":0,"9":6,"10":0,"11":0,"12":0,"13":0,"14":0,"15":0,"16":0,"17":0,"18":0,"19":6},"f":{"0":6,"1":12,"2":6,"3":0,"4":0},"b":{"0":[0,6],"1":[0,0],"2":[0,0],"3":[0,6]},"_coverageSchema":"1a1c01bbd47fc00a2c39e90264f33305004495a9","hash":"ee3f02095c49072118873a60a2e6236eb6f3e577"}
,"/home/parmeshragav.e/phase2_project/src/Components/Footer.tsx": {"path":"/home/parmeshragav.e/phase2_project/src/Components/Footer.tsx","statementMap":{"0":{"start":{"line":4,"column":2},"end":{"line":51,"column":4}}},"fnMap":{"0":{"name":"Footer","decl":{"start":{"line":3,"column":24},"end":{"line":3,"column":30}},"loc":{"start":{"line":3,"column":33},"end":{"line":52,"column":1}},"line":3}},"branchMap":{},"s":{"0":0},"f":{"0":0},"b":{}}
,"/home/parmeshragav.e/phase2_project/src/Components/Navbar.tsx": {"path":"/home/parmeshragav.e/phase2_project/src/Components/Navbar.tsx","statementMap":{"0":{"start":{"line":30,"column":19},"end":{"line":30,"column":32}},"1":{"start":{"line":31,"column":19},"end":{"line":31,"column":32}},"2":{"start":{"line":33,"column":36},"end":{"line":33,"column":73}},"3":{"start":{"line":33,"column":66},"end":{"line":33,"column":72}},"4":{"start":{"line":34,"column":23},"end":{"line":34,"column":79}},"5":{"start":{"line":34,"column":53},"end":{"line":34,"column":78}},"6":{"start":{"line":36,"column":38},"end":{"line":36,"column":53}},"7":{"start":{"line":37,"column":46},"end":{"line":37,"column":61}},"8":{"start":{"line":40,"column":34},"end":{"line":40,"column":68}},"9":{"start":{"line":41,"column":19},"end":{"line":41,"column":36}},"10":{"start":{"line":44,"column":34},"end":{"line":44,"column":46}},"11":{"start":{"line":45,"column":2},"end":{"line":61,"column":9}},"12":{"start":{"line":46,"column":19},"end":{"line":57,"column":5}},"13":{"start":{"line":47,"column":18},"end":{"line":47,"column":28}},"14":{"start":{"line":48,"column":6},"end":{"line":56,"column":8}},"15":{"start":{"line":58,"column":4},"end":{"line":58,"column":13}},"16":{"start":{"line":59,"column":18},"end":{"line":59,"column":44}},"17":{"start":{"line":60,"column":4},"end":{"line":60,"column":38}},"18":{"start":{"line":60,"column":17},"end":{"line":60,"column":37}},"19":{"start":{"line":63,"column":28},"end":{"line":63,"column":76}},"20":{"start":{"line":63,"column":44},"end":{"line":63,"column":76}},"21":{"start":{"line":64,"column":22},"end":{"line":64,"column":45}},"22":{"start":{"line":64,"column":28},"end":{"line":64,"column":45}},"23":{"start":{"line":66,"column":23},"end":{"line":70,"column":3}},"24":{"start":{"line":67,"column":4},"end":{"line":67,"column":23}},"25":{"start":{"line":68,"column":4},"end":{"line":68,"column":18}},"26":{"start":{"line":69,"column":4},"end":{"line":69,"column":18}},"27":{"start":{"line":73,"column":32},"end":{"line":81,"column":3}},"28":{"start":{"line":74,"column":4},"end":{"line":78,"column":5}},"29":{"start":{"line":76,"column":6},"end":{"line":76,"column":37}},"30":{"start":{"line":77,"column":6},"end":{"line":77,"column":13}},"31":{"start":{"line":80,"column":4},"end":{"line":80,"column":28}},"32":{"start":{"line":83,"column":34},"end":{"line":86,"column":3}},"33":{"start":{"line":84,"column":4},"end":{"line":84,"column":34}},"34":{"start":{"line":85,"column":4},"end":{"line":85,"column":29}},"35":{"start":{"line":90,"column":4},"end":{"line":155,"column":10}},"36":{"start":{"line":107,"column":10},"end":{"line":116,"column":21}},"37":{"start":{"line":111,"column":14},"end":{"line":111,"column":32}},"38":{"start":{"line":112,"column":14},"end":{"line":112,"column":35}},"39":{"start":{"line":124,"column":12},"end":{"line":124,"column":36}},"40":{"start":{"line":125,"column":12},"end":{"line":125,"column":33}},"41":{"start":{"line":137,"column":14},"end":{"line":137,"column":33}},"42":{"start":{"line":138,"column":14},"end":{"line":138,"column":35}},"43":{"start":{"line":147,"column":14},"end":{"line":147,"column":29}},"44":{"start":{"line":148,"column":14},"end":{"line":148,"column":35}},"45":{"start":{"line":158,"column":2},"end":{"line":333,"column":4}},"46":{"start":{"line":195,"column":27},"end":{"line":195,"column":40}},"47":{"start":{"line":241,"column":31},"end":{"line":241,"column":49}},"48":{"start":{"line":270,"column":27},"end":{"line":270,"column":46}},"49":{"start":{"line":303,"column":12},"end":{"line":313,"column":25}},"50":{"start":{"line":310,"column":29},"end":{"line":310,"column":46}},"51":{"start":{"line":319,"column":62},"end":{"line":319,"column":82}},"52":{"start":{"line":326,"column":23},"end":{"line":326,"column":47}}},"fnMap":{"0":{"name":"Navbar","decl":{"start":{"line":29,"column":24},"end":{"line":29,"column":30}},"loc":{"start":{"line":29,"column":33},"end":{"line":334,"column":1}},"line":29},"1":{"name":"(anonymous_1)","decl":{"start":{"line":33,"column":48},"end":{"line":33,"column":49}},"loc":{"start":{"line":33,"column":66},"end":{"line":33,"column":72}},"line":33},"2":{"name":"(anonymous_2)","decl":{"start":{"line":34,"column":35},"end":{"line":34,"column":36}},"loc":{"start":{"line":34,"column":53},"end":{"line":34,"column":78}},"line":34},"3":{"name":"(anonymous_3)","decl":{"start":{"line":45,"column":12},"end":{"line":45,"column":13}},"loc":{"start":{"line":45,"column":18},"end":{"line":61,"column":3}},"line":45},"4":{"name":"(anonymous_4)","decl":{"start":{"line":46,"column":19},"end":{"line":46,"column":20}},"loc":{"start":{"line":46,"column":25},"end":{"line":57,"column":5}},"line":46},"5":{"name":"(anonymous_5)","decl":{"start":{"line":60,"column":11},"end":{"line":60,"column":12}},"loc":{"start":{"line":60,"column":17},"end":{"line":60,"column":37}},"line":60},"6":{"name":"(anonymous_6)","decl":{"start":{"line":63,"column":28},"end":{"line":63,"column":29}},"loc":{"start":{"line":63,"column":44},"end":{"line":63,"column":76}},"line":63},"7":{"name":"(anonymous_7)","decl":{"start":{"line":64,"column":22},"end":{"line":64,"column":23}},"loc":{"start":{"line":64,"column":28},"end":{"line":64,"column":45}},"line":64},"8":{"name":"(anonymous_8)","decl":{"start":{"line":66,"column":23},"end":{"line":66,"column":24}},"loc":{"start":{"line":66,"column":29},"end":{"line":70,"column":3}},"line":66},"9":{"name":"(anonymous_9)","decl":{"start":{"line":73,"column":32},"end":{"line":73,"column":33}},"loc":{"start":{"line":73,"column":38},"end":{"line":81,"column":3}},"line":73},"10":{"name":"(anonymous_10)","decl":{"start":{"line":83,"column":34},"end":{"line":83,"column":35}},"loc":{"start":{"line":83,"column":40},"end":{"line":86,"column":3}},"line":83},"11":{"name":"(anonymous_11)","decl":{"start":{"line":106,"column":14},"end":{"line":106,"column":15}},"loc":{"start":{"line":107,"column":10},"end":{"line":116,"column":21}},"line":107},"12":{"name":"(anonymous_12)","decl":{"start":{"line":110,"column":21},"end":{"line":110,"column":22}},"loc":{"start":{"line":110,"column":27},"end":{"line":113,"column":13}},"line":110},"13":{"name":"(anonymous_13)","decl":{"start":{"line":123,"column":19},"end":{"line":123,"column":20}},"loc":{"start":{"line":123,"column":25},"end":{"line":126,"column":11}},"line":123},"14":{"name":"(anonymous_14)","decl":{"start":{"line":136,"column":21},"end":{"line":136,"column":22}},"loc":{"start":{"line":136,"column":27},"end":{"line":139,"column":13}},"line":136},"15":{"name":"(anonymous_15)","decl":{"start":{"line":146,"column":21},"end":{"line":146,"column":22}},"loc":{"start":{"line":146,"column":27},"end":{"line":149,"column":13}},"line":146},"16":{"name":"(anonymous_16)","decl":{"start":{"line":195,"column":21},"end":{"line":195,"column":22}},"loc":{"start":{"line":195,"column":27},"end":{"line":195,"column":40}},"line":195},"17":{"name":"(anonymous_17)","decl":{"start":{"line":241,"column":25},"end":{"line":241,"column":26}},"loc":{"start":{"line":241,"column":31},"end":{"line":241,"column":49}},"line":241},"18":{"name":"(anonymous_18)","decl":{"start":{"line":270,"column":21},"end":{"line":270,"column":22}},"loc":{"start":{"line":270,"column":27},"end":{"line":270,"column":46}},"line":270},"19":{"name":"(anonymous_19)","decl":{"start":{"line":302,"column":16},"end":{"line":302,"column":17}},"loc":{"start":{"line":303,"column":12},"end":{"line":313,"column":25}},"line":303},"20":{"name":"(anonymous_20)","decl":{"start":{"line":310,"column":23},"end":{"line":310,"column":24}},"loc":{"start":{"line":310,"column":29},"end":{"line":310,"column":46}},"line":310},"21":{"name":"(anonymous_21)","decl":{"start":{"line":319,"column":56},"end":{"line":319,"column":57}},"loc":{"start":{"line":319,"column":62},"end":{"line":319,"column":82}},"line":319},"22":{"name":"(anonymous_22)","decl":{"start":{"line":326,"column":17},"end":{"line":326,"column":18}},"loc":{"start":{"line":326,"column":23},"end":{"line":326,"column":47}},"line":326}},"branchMap":{"0":{"loc":{"start":{"line":74,"column":4},"end":{"line":78,"column":5}},"type":"if","locations":[{"start":{"line":74,"column":4},"end":{"line":78,"column":5}},{"start":{},"end":{}}],"line":74},"1":{"loc":{"start":{"line":129,"column":21},"end":{"line":129,"column":63}},"type":"cond-expr","locations":[{"start":{"line":129,"column":36},"end":{"line":129,"column":49}},{"start":{"line":129,"column":52},"end":{"line":129,"column":63}}],"line":129},"2":{"loc":{"start":{"line":133,"column":9},"end":{"line":153,"column":9}},"type":"cond-expr","locations":[{"start":{"line":134,"column":10},"end":{"line":142,"column":21}},{"start":{"line":144,"column":10},"end":{"line":152,"column":21}}],"line":133},"3":{"loc":{"start":{"line":221,"column":25},"end":{"line":221,"column":58}},"type":"cond-expr","locations":[{"start":{"line":221,"column":40},"end":{"line":221,"column":46}},{"start":{"line":221,"column":49},"end":{"line":221,"column":58}}],"line":221},"4":{"loc":{"start":{"line":229,"column":15},"end":{"line":229,"column":57}},"type":"cond-expr","locations":[{"start":{"line":229,"column":30},"end":{"line":229,"column":43}},{"start":{"line":229,"column":46},"end":{"line":229,"column":57}}],"line":229},"5":{"loc":{"start":{"line":232,"column":13},"end":{"line":245,"column":13}},"type":"binary-expr","locations":[{"start":{"line":232,"column":13},"end":{"line":232,"column":29}},{"start":{"line":233,"column":14},"end":{"line":244,"column":23}}],"line":232},"6":{"loc":{"start":{"line":247,"column":13},"end":{"line":264,"column":13}},"type":"binary-expr","locations":[{"start":{"line":247,"column":13},"end":{"line":247,"column":28}},{"start":{"line":248,"column":14},"end":{"line":263,"column":17}}],"line":247}},"s":{"0":0,"1":0,"2":0,"3":0,"4":0,"5":0,"6":0,"7":0,"8":0,"9":0,"10":0,"11":0,"12":0,"13":0,"14":0,"15":0,"16":0,"17":0,"18":0,"19":0,"20":0,"21":0,"22":0,"23":0,"24":0,"25":0,"26":0,"27":0,"28":0,"29":0,"30":0,"31":0,"32":0,"33":0,"34":0,"35":0,"36":0,"37":0,"38":0,"39":0,"40":0,"41":0,"42":0,"43":0,"44":0,"45":0,"46":0,"47":0,"48":0,"49":0,"50":0,"51":0,"52":0},"f":{"0":0,"1":0,"2":0,"3":0,"4":0,"5":0,"6":0,"7":0,"8":0,"9":0,"10":0,"11":0,"12":0,"13":0,"14":0,"15":0,"16":0,"17":0,"18":0,"19":0,"20":0,"21":0,"22":0},"b":{"0":[0,0],"1":[0,0],"2":[0,0],"3":[0,0],"4":[0,0],"5":[0,0],"6":[0,0]}}
,"/home/parmeshragav.e/phase2_project/src/Components/NewsletterDialog.tsx": {"path":"/home/parmeshragav.e/phase2_project/src/Components/NewsletterDialog.tsx","statementMap":{"0":{"start":{"line":19,"column":28},"end":{"line":19,"column":40}},"1":{"start":{"line":20,"column":28},"end":{"line":20,"column":40}},"2":{"start":{"line":21,"column":32},"end":{"line":21,"column":44}},"3":{"start":{"line":23,"column":24},"end":{"line":23,"column":69}},"4":{"start":{"line":23,"column":43},"end":{"line":23,"column":69}},"5":{"start":{"line":25,"column":26},"end":{"line":44,"column":3}},"6":{"start":{"line":26,"column":4},"end":{"line":26,"column":17}},"7":{"start":{"line":27,"column":4},"end":{"line":27,"column":19}},"8":{"start":{"line":29,"column":4},"end":{"line":32,"column":5}},"9":{"start":{"line":30,"column":6},"end":{"line":30,"column":36}},"10":{"start":{"line":31,"column":6},"end":{"line":31,"column":13}},"11":{"start":{"line":34,"column":4},"end":{"line":37,"column":5}},"12":{"start":{"line":35,"column":6},"end":{"line":35,"column":45}},"13":{"start":{"line":36,"column":6},"end":{"line":36,"column":13}},"14":{"start":{"line":39,"column":4},"end":{"line":39,"column":52}},"15":{"start":{"line":41,"column":4},"end":{"line":43,"column":13}},"16":{"start":{"line":42,"column":6},"end":{"line":42,"column":18}},"17":{"start":{"line":46,"column":2},"end":{"line":79,"column":4}},"18":{"start":{"line":55,"column":27},"end":{"line":55,"column":51}}},"fnMap":{"0":{"name":"NewsletterDialog","decl":{"start":{"line":18,"column":24},"end":{"line":18,"column":40}},"loc":{"start":{"line":18,"column":78},"end":{"line":80,"column":1}},"line":18},"1":{"name":"(anonymous_1)","decl":{"start":{"line":23,"column":24},"end":{"line":23,"column":25}},"loc":{"start":{"line":23,"column":43},"end":{"line":23,"column":69}},"line":23},"2":{"name":"(anonymous_2)","decl":{"start":{"line":25,"column":26},"end":{"line":25,"column":27}},"loc":{"start":{"line":25,"column":32},"end":{"line":44,"column":3}},"line":25},"3":{"name":"(anonymous_3)","decl":{"start":{"line":41,"column":15},"end":{"line":41,"column":16}},"loc":{"start":{"line":41,"column":21},"end":{"line":43,"column":5}},"line":41},"4":{"name":"(anonymous_4)","decl":{"start":{"line":55,"column":20},"end":{"line":55,"column":21}},"loc":{"start":{"line":55,"column":27},"end":{"line":55,"column":51}},"line":55}},"branchMap":{"0":{"loc":{"start":{"line":29,"column":4},"end":{"line":32,"column":5}},"type":"if","locations":[{"start":{"line":29,"column":4},"end":{"line":32,"column":5}},{"start":{},"end":{}}],"line":29},"1":{"loc":{"start":{"line":34,"column":4},"end":{"line":37,"column":5}},"type":"if","locations":[{"start":{"line":34,"column":4},"end":{"line":37,"column":5}},{"start":{},"end":{}}],"line":34},"2":{"loc":{"start":{"line":60,"column":9},"end":{"line":64,"column":9}},"type":"binary-expr","locations":[{"start":{"line":60,"column":9},"end":{"line":60,"column":16}},{"start":{"line":61,"column":10},"end":{"line":63,"column":23}}],"line":60}},"s":{"0":0,"1":0,"2":0,"3":0,"4":0,"5":0,"6":0,"7":0,"8":0,"9":0,"10":0,"11":0,"12":0,"13":0,"14":0,"15":0,"16":0,"17":0,"18":0},"f":{"0":0,"1":0,"2":0,"3":0,"4":0},"b":{"0":[0,0],"1":[0,0],"2":[0,0]}}
,"/home/parmeshragav.e/phase2_project/src/Components/ProtectedRoute.tsx": {"path":"/home/parmeshragav.e/phase2_project/src/Components/ProtectedRoute.tsx","statementMap":{"0":{"start":{"line":11,"column":26},"end":{"line":13,"column":3}},"1":{"start":{"line":12,"column":26},"end":{"line":12,"column":52}},"2":{"start":{"line":15,"column":2},"end":{"line":15,"column":64}},"3":{"start":{"line":15,"column":24},"end":{"line":15,"column":64}},"4":{"start":{"line":17,"column":2},"end":{"line":17,"column":18}}},"fnMap":{"0":{"name":"ProtectedRoute","decl":{"start":{"line":10,"column":24},"end":{"line":10,"column":38}},"loc":{"start":{"line":10,"column":60},"end":{"line":18,"column":1}},"line":10},"1":{"name":"(anonymous_1)","decl":{"start":{"line":12,"column":4},"end":{"line":12,"column":5}},"loc":{"start":{"line":12,"column":26},"end":{"line":12,"column":52}},"line":12}},"branchMap":{"0":{"loc":{"start":{"line":15,"column":2},"end":{"line":15,"column":64}},"type":"if","locations":[{"start":{"line":15,"column":2},"end":{"line":15,"column":64}},{"start":{},"end":{}}],"line":15}},"s":{"0":0,"1":0,"2":0,"3":0,"4":0},"f":{"0":0,"1":0},"b":{"0":[0,0]}}
,"/home/parmeshragav.e/phase2_project/src/Components/SkeletonCard.tsx": {"path":"/home/parmeshragav.e/phase2_project/src/Components/SkeletonCard.tsx","statementMap":{"0":{"start":{"line":9,"column":2},"end":{"line":36,"column":4}}},"fnMap":{"0":{"name":"SkeletonCard","decl":{"start":{"line":3,"column":24},"end":{"line":3,"column":36}},"loc":{"start":{"line":8,"column":3},"end":{"line":37,"column":1}},"line":8}},"branchMap":{"0":{"loc":{"start":{"line":4,"column":2},"end":{"line":4,"column":16}},"type":"default-arg","locations":[{"start":{"line":4,"column":10},"end":{"line":4,"column":16}}],"line":4},"1":{"loc":{"start":{"line":5,"column":2},"end":{"line":5,"column":14}},"type":"default-arg","locations":[{"start":{"line":5,"column":11},"end":{"line":5,"column":14}}],"line":5},"2":{"loc":{"start":{"line":6,"column":2},"end":{"line":6,"column":22}},"type":"default-arg","locations":[{"start":{"line":6,"column":12},"end":{"line":6,"column":22}}],"line":6},"3":{"loc":{"start":{"line":7,"column":3},"end":{"line":7,"column":10}},"type":"default-arg","locations":[{"start":{"line":7,"column":8},"end":{"line":7,"column":10}}],"line":7},"4":{"loc":{"start":{"line":15,"column":23},"end":{"line":15,"column":64}},"type":"cond-expr","locations":[{"start":{"line":15,"column":48},"end":{"line":15,"column":56}},{"start":{"line":15,"column":59},"end":{"line":15,"column":64}}],"line":15},"5":{"loc":{"start":{"line":25,"column":17},"end":{"line":25,"column":56}},"type":"cond-expr","locations":[{"start":{"line":25,"column":42},"end":{"line":25,"column":48}},{"start":{"line":25,"column":51},"end":{"line":25,"column":56}}],"line":25},"6":{"loc":{"start":{"line":26,"column":18},"end":{"line":26,"column":57}},"type":"cond-expr","locations":[{"start":{"line":26,"column":43},"end":{"line":26,"column":48}},{"start":{"line":26,"column":51},"end":{"line":26,"column":57}}],"line":26}},"s":{"0":18},"f":{"0":18},"b":{"0":[18],"1":[18],"2":[0],"3":[0],"4":[18,0],"5":[18,0],"6":[18,0]},"_coverageSchema":"1a1c01bbd47fc00a2c39e90264f33305004495a9","hash":"2107b5844d41d4ec8ae22d1d670a961be7d9e344"}
,"/home/parmeshragav.e/phase2_project/src/Pages/ArticleDetail.tsx": {"path":"/home/parmeshragav.e/phase2_project/src/Pages/ArticleDetail.tsx","statementMap":{"0":{"start":{"line":16,"column":21},"end":{"line":16,"column":34}},"1":{"start":{"line":17,"column":22},"end":{"line":17,"column":35}},"2":{"start":{"line":18,"column":20},"end":{"line":18,"column":34}},"3":{"start":{"line":24,"column":8},"end":{"line":28,"column":80}},"4":{"start":{"line":33,"column":18},"end":{"line":33,"column":57}},"5":{"start":{"line":34,"column":21},"end":{"line":34,"column":56}},"6":{"start":{"line":36,"column":8},"end":{"line":38,"column":24}},"7":{"start":{"line":41,"column":8},"end":{"line":41,"column":56}},"8":{"start":{"line":43,"column":23},"end":{"line":47,"column":21}},"9":{"start":{"line":49,"column":4},"end":{"line":183,"column":6}},"10":{"start":{"line":72,"column":43},"end":{"line":72,"column":55}},"11":{"start":{"line":149,"column":28},"end":{"line":155,"column":41}},"12":{"start":{"line":169,"column":32},"end":{"line":173,"column":33}}},"fnMap":{"0":{"name":"ArticleDetail","decl":{"start":{"line":15,"column":24},"end":{"line":15,"column":37}},"loc":{"start":{"line":15,"column":40},"end":{"line":184,"column":1}},"line":15},"1":{"name":"(anonymous_1)","decl":{"start":{"line":72,"column":37},"end":{"line":72,"column":38}},"loc":{"start":{"line":72,"column":43},"end":{"line":72,"column":55}},"line":72},"2":{"name":"(anonymous_2)","decl":{"start":{"line":148,"column":39},"end":{"line":148,"column":40}},"loc":{"start":{"line":149,"column":28},"end":{"line":155,"column":41}},"line":149},"3":{"name":"(anonymous_3)","decl":{"start":{"line":168,"column":37},"end":{"line":168,"column":38}},"loc":{"start":{"line":169,"column":32},"end":{"line":173,"column":33}},"line":169}},"branchMap":{"0":{"loc":{"start":{"line":24,"column":8},"end":{"line":28,"column":80}},"type":"cond-expr","locations":[{"start":{"line":25,"column":14},"end":{"line":27,"column":72}},{"start":{"line":28,"column":14},"end":{"line":28,"column":80}}],"line":24},"1":{"loc":{"start":{"line":25,"column":14},"end":{"line":27,"column":72}},"type":"cond-expr","locations":[{"start":{"line":26,"column":18},"end":{"line":26,"column":43}},{"start":{"line":27,"column":18},"end":{"line":27,"column":72}}],"line":25},"2":{"loc":{"start":{"line":28,"column":14},"end":{"line":28,"column":80}},"type":"binary-expr","locations":[{"start":{"line":28,"column":14},"end":{"line":28,"column":74}},{"start":{"line":28,"column":78},"end":{"line":28,"column":80}}],"line":28},"3":{"loc":{"start":{"line":33,"column":18},"end":{"line":33,"column":57}},"type":"binary-expr","locations":[{"start":{"line":33,"column":18},"end":{"line":33,"column":31}},{"start":{"line":33,"column":35},"end":{"line":33,"column":57}}],"line":33},"4":{"loc":{"start":{"line":34,"column":21},"end":{"line":34,"column":56}},"type":"binary-expr","locations":[{"start":{"line":34,"column":21},"end":{"line":34,"column":37}},{"start":{"line":34,"column":41},"end":{"line":34,"column":56}}],"line":34},"5":{"loc":{"start":{"line":36,"column":8},"end":{"line":38,"column":24}},"type":"binary-expr","locations":[{"start":{"line":36,"column":8},"end":{"line":36,"column":32}},{"start":{"line":37,"column":8},"end":{"line":37,"column":22}},{"start":{"line":38,"column":8},"end":{"line":38,"column":24}}],"line":36},"6":{"loc":{"start":{"line":41,"column":8},"end":{"line":41,"column":56}},"type":"binary-expr","locations":[{"start":{"line":41,"column":8},"end":{"line":41,"column":30}},{"start":{"line":41,"column":34},"end":{"line":41,"column":50}},{"start":{"line":41,"column":54},"end":{"line":41,"column":56}}],"line":41},"7":{"loc":{"start":{"line":96,"column":21},"end":{"line":104,"column":21}},"type":"binary-expr","locations":[{"start":{"line":96,"column":21},"end":{"line":96,"column":29}},{"start":{"line":97,"column":24},"end":{"line":103,"column":37}}],"line":96},"8":{"loc":{"start":{"line":109,"column":21},"end":{"line":131,"column":21}},"type":"binary-expr","locations":[{"start":{"line":109,"column":21},"end":{"line":109,"column":26}},{"start":{"line":110,"column":24},"end":{"line":130,"column":30}}],"line":109},"9":{"loc":{"start":{"line":121,"column":29},"end":{"line":129,"column":29}},"type":"binary-expr","locations":[{"start":{"line":121,"column":29},"end":{"line":121,"column":44}},{"start":{"line":122,"column":32},"end":{"line":128,"column":45}}],"line":121},"10":{"loc":{"start":{"line":139,"column":33},"end":{"line":139,"column":86}},"type":"cond-expr","locations":[{"start":{"line":139,"column":45},"end":{"line":139,"column":81}},{"start":{"line":139,"column":84},"end":{"line":139,"column":86}}],"line":139},"11":{"loc":{"start":{"line":147,"column":21},"end":{"line":159,"column":21}},"type":"cond-expr","locations":[{"start":{"line":148,"column":24},"end":{"line":156,"column":26}},{"start":{"line":158,"column":24},"end":{"line":158,"column":76}}],"line":147},"12":{"loc":{"start":{"line":170,"column":36},"end":{"line":170,"column":82}},"type":"binary-expr","locations":[{"start":{"line":170,"column":36},"end":{"line":170,"column":47}},{"start":{"line":170,"column":51},"end":{"line":170,"column":63}},{"start":{"line":170,"column":67},"end":{"line":170,"column":82}}],"line":170}},"s":{"0":0,"1":0,"2":0,"3":0,"4":0,"5":0,"6":0,"7":0,"8":0,"9":0,"10":0,"11":0,"12":0},"f":{"0":0,"1":0,"2":0,"3":0},"b":{"0":[0,0],"1":[0,0],"2":[0,0],"3":[0,0],"4":[0,0],"5":[0,0,0],"6":[0,0,0],"7":[0,0],"8":[0,0],"9":[0,0],"10":[0,0],"11":[0,0],"12":[0,0,0]}}
,"/home/parmeshragav.e/phase2_project/src/Pages/BooksDetailPage.tsx": {"path":"/home/parmeshragav.e/phase2_project/src/Pages/BooksDetailPage.tsx","statementMap":{"0":{"start":{"line":17,"column":21},"end":{"line":17,"column":34}},"1":{"start":{"line":18,"column":22},"end":{"line":18,"column":35}},"2":{"start":{"line":19,"column":17},"end":{"line":19,"column":28}},"3":{"start":{"line":21,"column":4},"end":{"line":26,"column":10}},"4":{"start":{"line":22,"column":8},"end":{"line":26,"column":10}},"5":{"start":{"line":28,"column":4},"end":{"line":99,"column":6}},"6":{"start":{"line":39,"column":35},"end":{"line":39,"column":47}},"7":{"start":{"line":84,"column":20},"end":{"line":95,"column":29}},"8":{"start":{"line":92,"column":39},"end":{"line":92,"column":70}}},"fnMap":{"0":{"name":"BookDetailPage","decl":{"start":{"line":16,"column":24},"end":{"line":16,"column":38}},"loc":{"start":{"line":16,"column":41},"end":{"line":100,"column":1}},"line":16},"1":{"name":"(anonymous_1)","decl":{"start":{"line":39,"column":29},"end":{"line":39,"column":30}},"loc":{"start":{"line":39,"column":35},"end":{"line":39,"column":47}},"line":39},"2":{"name":"(anonymous_2)","decl":{"start":{"line":83,"column":37},"end":{"line":83,"column":38}},"loc":{"start":{"line":84,"column":20},"end":{"line":95,"column":29}},"line":84},"3":{"name":"(anonymous_3)","decl":{"start":{"line":92,"column":33},"end":{"line":92,"column":34}},"loc":{"start":{"line":92,"column":39},"end":{"line":92,"column":70}},"line":92}},"branchMap":{"0":{"loc":{"start":{"line":21,"column":4},"end":{"line":26,"column":10}},"type":"if","locations":[{"start":{"line":21,"column":4},"end":{"line":26,"column":10}},{"start":{},"end":{}}],"line":21},"1":{"loc":{"start":{"line":72,"column":21},"end":{"line":72,"column":67}},"type":"binary-expr","locations":[{"start":{"line":72,"column":21},"end":{"line":72,"column":37}},{"start":{"line":72,"column":41},"end":{"line":72,"column":67}}],"line":72}},"s":{"0":4,"1":4,"2":4,"3":4,"4":4,"5":0,"6":0,"7":0,"8":0},"f":{"0":4,"1":0,"2":0,"3":0},"b":{"0":[4,0],"1":[0,0]},"_coverageSchema":"1a1c01bbd47fc00a2c39e90264f33305004495a9","hash":"f60ba15eb37b7a238e0b3a9d5b80b5b731d76f82"}
,"/home/parmeshragav.e/phase2_project/src/Pages/BooksPage.tsx": {"path":"/home/parmeshragav.e/phase2_project/src/Pages/BooksPage.tsx","statementMap":{"0":{"start":{"line":23,"column":19},"end":{"line":31,"column":1}},"1":{"start":{"line":34,"column":19},"end":{"line":34,"column":32}},"2":{"start":{"line":35,"column":19},"end":{"line":35,"column":32}},"3":{"start":{"line":37,"column":39},"end":{"line":39,"column":3}},"4":{"start":{"line":38,"column":26},"end":{"line":38,"column":37}},"5":{"start":{"line":41,"column":42},"end":{"line":41,"column":60}},"6":{"start":{"line":43,"column":2},"end":{"line":45,"column":31}},"7":{"start":{"line":44,"column":4},"end":{"line":44,"column":46}},"8":{"start":{"line":47,"column":2},"end":{"line":61,"column":6}},"9":{"start":{"line":48,"column":4},"end":{"line":61,"column":6}},"10":{"start":{"line":54,"column":14},"end":{"line":56,"column":21}},"11":{"start":{"line":63,"column":2},"end":{"line":128,"column":4}},"12":{"start":{"line":74,"column":36},"end":{"line":74,"column":60}},"13":{"start":{"line":79,"column":31},"end":{"line":79,"column":51}},"14":{"start":{"line":84,"column":14},"end":{"line":122,"column":21}},"15":{"start":{"line":88,"column":20},"end":{"line":90,"column":22}}},"fnMap":{"0":{"name":"BooksPage","decl":{"start":{"line":33,"column":24},"end":{"line":33,"column":33}},"loc":{"start":{"line":33,"column":36},"end":{"line":129,"column":1}},"line":33},"1":{"name":"(anonymous_1)","decl":{"start":{"line":38,"column":4},"end":{"line":38,"column":5}},"loc":{"start":{"line":38,"column":26},"end":{"line":38,"column":37}},"line":38},"2":{"name":"(anonymous_2)","decl":{"start":{"line":43,"column":12},"end":{"line":43,"column":13}},"loc":{"start":{"line":43,"column":18},"end":{"line":45,"column":3}},"line":43},"3":{"name":"(anonymous_3)","decl":{"start":{"line":53,"column":43},"end":{"line":53,"column":44}},"loc":{"start":{"line":54,"column":14},"end":{"line":56,"column":21}},"line":54},"4":{"name":"(anonymous_4)","decl":{"start":{"line":74,"column":29},"end":{"line":74,"column":30}},"loc":{"start":{"line":74,"column":36},"end":{"line":74,"column":60}},"line":74},"5":{"name":"(anonymous_5)","decl":{"start":{"line":79,"column":22},"end":{"line":79,"column":23}},"loc":{"start":{"line":79,"column":31},"end":{"line":79,"column":51}},"line":79},"6":{"name":"(anonymous_6)","decl":{"start":{"line":83,"column":23},"end":{"line":83,"column":24}},"loc":{"start":{"line":84,"column":14},"end":{"line":122,"column":21}},"line":84},"7":{"name":"(anonymous_7)","decl":{"start":{"line":87,"column":27},"end":{"line":87,"column":28}},"loc":{"start":{"line":88,"column":20},"end":{"line":90,"column":22}},"line":88}},"branchMap":{"0":{"loc":{"start":{"line":47,"column":2},"end":{"line":61,"column":6}},"type":"if","locations":[{"start":{"line":47,"column":2},"end":{"line":61,"column":6}},{"start":{},"end":{}}],"line":47}},"s":{"0":1,"1":5,"2":5,"3":5,"4":10,"5":5,"6":5,"7":5,"8":5,"9":2,"10":16,"11":3,"12":3,"13":1,"14":3,"15":1},"f":{"0":5,"1":10,"2":5,"3":16,"4":3,"5":1,"6":3,"7":1},"b":{"0":[2,3]},"_coverageSchema":"1a1c01bbd47fc00a2c39e90264f33305004495a9","hash":"18670d5826e9093b2360e7da4c58a0eef9a45f92"}
,"/home/parmeshragav.e/phase2_project/src/Pages/CategoryPage.tsx": {"path":"/home/parmeshragav.e/phase2_project/src/Pages/CategoryPage.tsx","statementMap":{"0":{"start":{"line":24,"column":2},"end":{"line":24,"column":67}},"1":{"start":{"line":27,"column":13},"end":{"line":27,"column":32}},"2":{"start":{"line":28,"column":2},"end":{"line":36,"column":3}},"3":{"start":{"line":29,"column":17},"end":{"line":31,"column":5}},"4":{"start":{"line":30,"column":6},"end":{"line":30,"column":56}},"5":{"start":{"line":32,"column":4},"end":{"line":35,"column":47}},"6":{"start":{"line":33,"column":6},"end":{"line":35,"column":47}},"7":{"start":{"line":38,"column":16},"end":{"line":38,"column":35}},"8":{"start":{"line":39,"column":15},"end":{"line":39,"column":40}},"9":{"start":{"line":40,"column":2},"end":{"line":43,"column":3}},"10":{"start":{"line":41,"column":17},"end":{"line":41,"column":38}},"11":{"start":{"line":42,"column":4},"end":{"line":42,"column":35}},"12":{"start":{"line":42,"column":19},"end":{"line":42,"column":35}},"13":{"start":{"line":45,"column":2},"end":{"line":45,"column":24}},"14":{"start":{"line":49,"column":19},"end":{"line":49,"column":48}},"15":{"start":{"line":50,"column":19},"end":{"line":50,"column":32}},"16":{"start":{"line":51,"column":19},"end":{"line":51,"column":32}},"17":{"start":{"line":53,"column":29},"end":{"line":55,"column":3}},"18":{"start":{"line":54,"column":26},"end":{"line":54,"column":62}},"19":{"start":{"line":57,"column":2},"end":{"line":59,"column":23}},"20":{"start":{"line":58,"column":4},"end":{"line":58,"column":56}},"21":{"start":{"line":58,"column":14},"end":{"line":58,"column":56}},"22":{"start":{"line":61,"column":16},"end":{"line":61,"column":48}},"23":{"start":{"line":64,"column":25},"end":{"line":64,"column":26}},"24":{"start":{"line":65,"column":26},"end":{"line":65,"column":37}},"25":{"start":{"line":67,"column":21},"end":{"line":67,"column":61}},"26":{"start":{"line":68,"column":25},"end":{"line":71,"column":3}},"27":{"start":{"line":73,"column":27},"end":{"line":76,"column":3}},"28":{"start":{"line":74,"column":4},"end":{"line":74,"column":15}},"29":{"start":{"line":75,"column":4},"end":{"line":75,"column":26}},"30":{"start":{"line":78,"column":19},"end":{"line":142,"column":3}},"31":{"start":{"line":79,"column":16},"end":{"line":79,"column":33}},"32":{"start":{"line":81,"column":4},"end":{"line":141,"column":6}},"33":{"start":{"line":83,"column":23},"end":{"line":83,"column":67}},"34":{"start":{"line":144,"column":2},"end":{"line":204,"column":4}},"35":{"start":{"line":155,"column":27},"end":{"line":155,"column":39}},"36":{"start":{"line":185,"column":16},"end":{"line":185,"column":61}}},"fnMap":{"0":{"name":"getImage","decl":{"start":{"line":26,"column":9},"end":{"line":26,"column":17}},"loc":{"start":{"line":26,"column":40},"end":{"line":46,"column":1}},"line":26},"1":{"name":"(anonymous_1)","decl":{"start":{"line":29,"column":27},"end":{"line":29,"column":28}},"loc":{"start":{"line":30,"column":6},"end":{"line":30,"column":56}},"line":30},"2":{"name":"CategoryPage","decl":{"start":{"line":48,"column":24},"end":{"line":48,"column":36}},"loc":{"start":{"line":48,"column":39},"end":{"line":205,"column":1}},"line":48},"3":{"name":"(anonymous_3)","decl":{"start":{"line":54,"column":4},"end":{"line":54,"column":5}},"loc":{"start":{"line":54,"column":26},"end":{"line":54,"column":62}},"line":54},"4":{"name":"(anonymous_4)","decl":{"start":{"line":57,"column":12},"end":{"line":57,"column":13}},"loc":{"start":{"line":57,"column":18},"end":{"line":59,"column":3}},"line":57},"5":{"name":"(anonymous_5)","decl":{"start":{"line":73,"column":27},"end":{"line":73,"column":28}},"loc":{"start":{"line":73,"column":50},"end":{"line":76,"column":3}},"line":73},"6":{"name":"(anonymous_6)","decl":{"start":{"line":78,"column":19},"end":{"line":78,"column":20}},"loc":{"start":{"line":78,"column":54},"end":{"line":142,"column":3}},"line":78},"7":{"name":"(anonymous_7)","decl":{"start":{"line":83,"column":17},"end":{"line":83,"column":18}},"loc":{"start":{"line":83,"column":23},"end":{"line":83,"column":67}},"line":83},"8":{"name":"(anonymous_8)","decl":{"start":{"line":155,"column":21},"end":{"line":155,"column":22}},"loc":{"start":{"line":155,"column":27},"end":{"line":155,"column":39}},"line":155},"9":{"name":"(anonymous_9)","decl":{"start":{"line":184,"column":33},"end":{"line":184,"column":34}},"loc":{"start":{"line":185,"column":16},"end":{"line":185,"column":61}},"line":185}},"branchMap":{"0":{"loc":{"start":{"line":28,"column":2},"end":{"line":36,"column":3}},"type":"if","locations":[{"start":{"line":28,"column":2},"end":{"line":36,"column":3}},{"start":{},"end":{}}],"line":28},"1":{"loc":{"start":{"line":28,"column":6},"end":{"line":28,"column":40}},"type":"binary-expr","locations":[{"start":{"line":28,"column":6},"end":{"line":28,"column":23}},{"start":{"line":28,"column":27},"end":{"line":28,"column":40}}],"line":28},"2":{"loc":{"start":{"line":30,"column":6},"end":{"line":30,"column":56}},"type":"cond-expr","locations":[{"start":{"line":30,"column":46},"end":{"line":30,"column":49}},{"start":{"line":30,"column":52},"end":{"line":30,"column":56}}],"line":30},"3":{"loc":{"start":{"line":30,"column":7},"end":{"line":30,"column":21}},"type":"binary-expr","locations":[{"start":{"line":30,"column":7},"end":{"line":30,"column":16}},{"start":{"line":30,"column":20},"end":{"line":30,"column":21}}],"line":30},"4":{"loc":{"start":{"line":30,"column":26},"end":{"line":30,"column":42}},"type":"binary-expr","locations":[{"start":{"line":30,"column":26},"end":{"line":30,"column":37}},{"start":{"line":30,"column":41},"end":{"line":30,"column":42}}],"line":30},"5":{"loc":{"start":{"line":32,"column":4},"end":{"line":35,"column":47}},"type":"if","locations":[{"start":{"line":32,"column":4},"end":{"line":35,"column":47}},{"start":{},"end":{}}],"line":32},"6":{"loc":{"start":{"line":33,"column":13},"end":{"line":35,"column":46}},"type":"cond-expr","locations":[{"start":{"line":34,"column":10},"end":{"line":34,"column":18}},{"start":{"line":35,"column":10},"end":{"line":35,"column":46}}],"line":33},"7":{"loc":{"start":{"line":40,"column":2},"end":{"line":43,"column":3}},"type":"if","locations":[{"start":{"line":40,"column":2},"end":{"line":43,"column":3}},{"start":{},"end":{}}],"line":40},"8":{"loc":{"start":{"line":40,"column":6},"end":{"line":40,"column":44}},"type":"binary-expr","locations":[{"start":{"line":40,"column":6},"end":{"line":40,"column":25}},{"start":{"line":40,"column":29},"end":{"line":40,"column":44}}],"line":40},"9":{"loc":{"start":{"line":42,"column":4},"end":{"line":42,"column":35}},"type":"if","locations":[{"start":{"line":42,"column":4},"end":{"line":42,"column":35}},{"start":{},"end":{}}],"line":42},"10":{"loc":{"start":{"line":54,"column":26},"end":{"line":54,"column":62}},"type":"binary-expr","locations":[{"start":{"line":54,"column":26},"end":{"line":54,"column":36}},{"start":{"line":54,"column":40},"end":{"line":54,"column":62}}],"line":54},"11":{"loc":{"start":{"line":58,"column":4},"end":{"line":58,"column":56}},"type":"if","locations":[{"start":{"line":58,"column":4},"end":{"line":58,"column":56}},{"start":{},"end":{}}],"line":58},"12":{"loc":{"start":{"line":61,"column":16},"end":{"line":61,"column":48}},"type":"binary-expr","locations":[{"start":{"line":61,"column":16},"end":{"line":61,"column":42}},{"start":{"line":61,"column":46},"end":{"line":61,"column":48}}],"line":61},"13":{"loc":{"start":{"line":61,"column":31},"end":{"line":61,"column":41}},"type":"binary-expr","locations":[{"start":{"line":61,"column":31},"end":{"line":61,"column":35}},{"start":{"line":61,"column":39},"end":{"line":61,"column":41}}],"line":61},"14":{"loc":{"start":{"line":123,"column":13},"end":{"line":123,"column":52}},"type":"binary-expr","locations":[{"start":{"line":123,"column":13},"end":{"line":123,"column":26}},{"start":{"line":123,"column":30},"end":{"line":123,"column":52}}],"line":123},"15":{"loc":{"start":{"line":137,"column":13},"end":{"line":137,"column":48}},"type":"binary-expr","locations":[{"start":{"line":137,"column":13},"end":{"line":137,"column":29}},{"start":{"line":137,"column":33},"end":{"line":137,"column":48}}],"line":137},"16":{"loc":{"start":{"line":177,"column":13},"end":{"line":187,"column":13}},"type":"cond-expr","locations":[{"start":{"line":178,"column":14},"end":{"line":182,"column":17}},{"start":{"line":184,"column":14},"end":{"line":186,"column":16}}],"line":177},"17":{"loc":{"start":{"line":185,"column":31},"end":{"line":185,"column":45}},"type":"binary-expr","locations":[{"start":{"line":185,"column":31},"end":{"line":185,"column":36}},{"start":{"line":185,"column":40},"end":{"line":185,"column":45}}],"line":185},"18":{"loc":{"start":{"line":191,"column":11},"end":{"line":200,"column":11}},"type":"binary-expr","locations":[{"start":{"line":191,"column":11},"end":{"line":191,"column":40}},{"start":{"line":192,"column":12},"end":{"line":199,"column":18}}],"line":191}},"s":{"0":1,"1":10,"2":10,"3":0,"4":0,"5":0,"6":0,"7":10,"8":10,"9":10,"10":0,"11":0,"12":0,"13":10,"14":7,"15":7,"16":7,"17":7,"18":14,"19":7,"20":7,"21":7,"22":7,"23":7,"24":7,"25":7,"26":7,"27":7,"28":0,"29":0,"30":7,"31":10,"32":10,"33":1,"34":7,"35":1,"36":10},"f":{"0":10,"1":0,"2":7,"3":14,"4":7,"5":0,"6":10,"7":1,"8":1,"9":10},"b":{"0":[0,10],"1":[10,10],"2":[0,0],"3":[0,0],"4":[0,0],"5":[0,0],"6":[0,0],"7":[0,10],"8":[10,0],"9":[0,0],"10":[14,0],"11":[7,0],"12":[7,0],"13":[7,0],"14":[10,0],"15":[10,8],"16":[4,3],"17":[10,0],"18":[7,1]},"_coverageSchema":"1a1c01bbd47fc00a2c39e90264f33305004495a9","hash":"792d782b3f8c8ae933465c566a889acef083524d"}
,"/home/parmeshragav.e/phase2_project/src/Pages/Favorites.tsx": {"path":"/home/parmeshragav.e/phase2_project/src/Pages/Favorites.tsx","statementMap":{"0":{"start":{"line":19,"column":23},"end":{"line":19,"column":78}},"1":{"start":{"line":22,"column":19},"end":{"line":22,"column":32}},"2":{"start":{"line":23,"column":19},"end":{"line":23,"column":64}},"3":{"start":{"line":23,"column":53},"end":{"line":23,"column":63}},"4":{"start":{"line":25,"column":36},"end":{"line":25,"column":55}},"5":{"start":{"line":27,"column":2},"end":{"line":32,"column":13}},"6":{"start":{"line":28,"column":4},"end":{"line":31,"column":5}},"7":{"start":{"line":29,"column":19},"end":{"line":29,"column":46}},"8":{"start":{"line":30,"column":6},"end":{"line":30,"column":25}},"9":{"start":{"line":34,"column":23},"end":{"line":38,"column":3}},"10":{"start":{"line":35,"column":4},"end":{"line":35,"column":22}},"11":{"start":{"line":35,"column":15},"end":{"line":35,"column":22}},"12":{"start":{"line":36,"column":4},"end":{"line":36,"column":39}},"13":{"start":{"line":37,"column":4},"end":{"line":37,"column":46}},"14":{"start":{"line":40,"column":2},"end":{"line":74,"column":6}},"15":{"start":{"line":41,"column":4},"end":{"line":74,"column":6}},"16":{"start":{"line":70,"column":33},"end":{"line":70,"column":51}},"17":{"start":{"line":76,"column":2},"end":{"line":153,"column":4}},"18":{"start":{"line":88,"column":14},"end":{"line":91,"column":28}},"19":{"start":{"line":93,"column":12},"end":{"line":148,"column":14}},"20":{"start":{"line":103,"column":33},"end":{"line":103,"column":77}},"21":{"start":{"line":140,"column":22},"end":{"line":140,"column":42}},"22":{"start":{"line":141,"column":22},"end":{"line":141,"column":48}}},"fnMap":{"0":{"name":"Favorites","decl":{"start":{"line":21,"column":24},"end":{"line":21,"column":33}},"loc":{"start":{"line":21,"column":36},"end":{"line":154,"column":1}},"line":21},"1":{"name":"(anonymous_1)","decl":{"start":{"line":23,"column":31},"end":{"line":23,"column":32}},"loc":{"start":{"line":23,"column":53},"end":{"line":23,"column":63}},"line":23},"2":{"name":"(anonymous_2)","decl":{"start":{"line":27,"column":12},"end":{"line":27,"column":13}},"loc":{"start":{"line":27,"column":18},"end":{"line":32,"column":3}},"line":27},"3":{"name":"(anonymous_3)","decl":{"start":{"line":34,"column":23},"end":{"line":34,"column":24}},"loc":{"start":{"line":34,"column":40},"end":{"line":38,"column":3}},"line":34},"4":{"name":"(anonymous_4)","decl":{"start":{"line":70,"column":27},"end":{"line":70,"column":28}},"loc":{"start":{"line":70,"column":33},"end":{"line":70,"column":51}},"line":70},"5":{"name":"(anonymous_5)","decl":{"start":{"line":86,"column":25},"end":{"line":86,"column":26}},"loc":{"start":{"line":86,"column":38},"end":{"line":149,"column":11}},"line":86},"6":{"name":"(anonymous_6)","decl":{"start":{"line":103,"column":27},"end":{"line":103,"column":28}},"loc":{"start":{"line":103,"column":33},"end":{"line":103,"column":77}},"line":103},"7":{"name":"(anonymous_7)","decl":{"start":{"line":139,"column":29},"end":{"line":139,"column":30}},"loc":{"start":{"line":139,"column":36},"end":{"line":142,"column":21}},"line":139}},"branchMap":{"0":{"loc":{"start":{"line":28,"column":4},"end":{"line":31,"column":5}},"type":"if","locations":[{"start":{"line":28,"column":4},"end":{"line":31,"column":5}},{"start":{},"end":{}}],"line":28},"1":{"loc":{"start":{"line":35,"column":4},"end":{"line":35,"column":22}},"type":"if","locations":[{"start":{"line":35,"column":4},"end":{"line":35,"column":22}},{"start":{},"end":{}}],"line":35},"2":{"loc":{"start":{"line":40,"column":2},"end":{"line":74,"column":6}},"type":"if","locations":[{"start":{"line":40,"column":2},"end":{"line":74,"column":6}},{"start":{},"end":{}}],"line":40},"3":{"loc":{"start":{"line":82,"column":7},"end":{"line":151,"column":7}},"type":"cond-expr","locations":[{"start":{"line":83,"column":8},"end":{"line":83,"column":56}},{"start":{"line":85,"column":8},"end":{"line":150,"column":15}}],"line":82},"4":{"loc":{"start":{"line":88,"column":14},"end":{"line":91,"column":28}},"type":"binary-expr","locations":[{"start":{"line":88,"column":14},"end":{"line":88,"column":42}},{"start":{"line":89,"column":14},"end":{"line":89,"column":62}},{"start":{"line":90,"column":14},"end":{"line":90,"column":27}},{"start":{"line":91,"column":14},"end":{"line":91,"column":28}}],"line":88},"5":{"loc":{"start":{"line":114,"column":23},"end":{"line":114,"column":62}},"type":"binary-expr","locations":[{"start":{"line":114,"column":23},"end":{"line":114,"column":36}},{"start":{"line":114,"column":40},"end":{"line":114,"column":62}}],"line":114},"6":{"loc":{"start":{"line":128,"column":23},"end":{"line":128,"column":58}},"type":"binary-expr","locations":[{"start":{"line":128,"column":23},"end":{"line":128,"column":39}},{"start":{"line":128,"column":43},"end":{"line":128,"column":58}}],"line":128}},"s":{"0":1,"1":10,"2":10,"3":15,"4":10,"5":10,"6":5,"7":4,"8":4,"9":10,"10":1,"11":0,"12":1,"13":1,"14":10,"15":1,"16":1,"17":9,"18":4,"19":4,"20":1,"21":1,"22":1},"f":{"0":10,"1":15,"2":5,"3":1,"4":1,"5":4,"6":1,"7":1},"b":{"0":[4,1],"1":[0,1],"2":[1,9],"3":[5,4],"4":[4,4,4,4],"5":[4,0],"6":[4,0]},"_coverageSchema":"1a1c01bbd47fc00a2c39e90264f33305004495a9","hash":"a3d14b557304218c3457eb13d047185eb9286f77"}
,"/home/parmeshragav.e/phase2_project/src/Pages/HomePage.tsx": {"path":"/home/parmeshragav.e/phase2_project/src/Pages/HomePage.tsx","statementMap":{"0":{"start":{"line":29,"column":2},"end":{"line":29,"column":57}},"1":{"start":{"line":31,"column":17},"end":{"line":31,"column":40}},"2":{"start":{"line":34,"column":19},"end":{"line":34,"column":32}},"3":{"start":{"line":35,"column":19},"end":{"line":35,"column":32}},"4":{"start":{"line":37,"column":57},"end":{"line":39,"column":3}},"5":{"start":{"line":38,"column":26},"end":{"line":38,"column":36}},"6":{"start":{"line":42,"column":4},"end":{"line":44,"column":44}},"7":{"start":{"line":46,"column":2},"end":{"line":50,"column":9}},"8":{"start":{"line":47,"column":4},"end":{"line":47,"column":39}},"9":{"start":{"line":48,"column":4},"end":{"line":48,"column":51}},"10":{"start":{"line":49,"column":4},"end":{"line":49,"column":43}},"11":{"start":{"line":53,"column":19},"end":{"line":119,"column":3}},"12":{"start":{"line":55,"column":6},"end":{"line":57,"column":20}},"13":{"start":{"line":59,"column":4},"end":{"line":118,"column":6}},"14":{"start":{"line":72,"column":25},"end":{"line":72,"column":69}},"15":{"start":{"line":122,"column":22},"end":{"line":158,"column":3}},"16":{"start":{"line":124,"column":6},"end":{"line":126,"column":20}},"17":{"start":{"line":128,"column":4},"end":{"line":157,"column":6}},"18":{"start":{"line":139,"column":23},"end":{"line":139,"column":67}},"19":{"start":{"line":161,"column":2},"end":{"line":204,"column":3}},"20":{"start":{"line":162,"column":4},"end":{"line":203,"column":6}},"21":{"start":{"line":172,"column":14},"end":{"line":180,"column":16}},"22":{"start":{"line":191,"column":14},"end":{"line":198,"column":16}},"23":{"start":{"line":207,"column":2},"end":{"line":281,"column":4}},"24":{"start":{"line":220,"column":12},"end":{"line":220,"column":48}},"25":{"start":{"line":228,"column":14},"end":{"line":264,"column":15}},"26":{"start":{"line":247,"column":37},"end":{"line":247,"column":65}},"27":{"start":{"line":261,"column":20},"end":{"line":261,"column":56}},"28":{"start":{"line":276,"column":12},"end":{"line":276,"column":51}}},"fnMap":{"0":{"name":"HomePage","decl":{"start":{"line":33,"column":9},"end":{"line":33,"column":17}},"loc":{"start":{"line":33,"column":20},"end":{"line":282,"column":1}},"line":33},"1":{"name":"(anonymous_1)","decl":{"start":{"line":38,"column":4},"end":{"line":38,"column":5}},"loc":{"start":{"line":38,"column":26},"end":{"line":38,"column":36}},"line":38},"2":{"name":"(anonymous_2)","decl":{"start":{"line":46,"column":12},"end":{"line":46,"column":13}},"loc":{"start":{"line":46,"column":18},"end":{"line":50,"column":3}},"line":46},"3":{"name":"(anonymous_3)","decl":{"start":{"line":53,"column":19},"end":{"line":53,"column":20}},"loc":{"start":{"line":53,"column":41},"end":{"line":119,"column":3}},"line":53},"4":{"name":"(anonymous_4)","decl":{"start":{"line":72,"column":19},"end":{"line":72,"column":20}},"loc":{"start":{"line":72,"column":25},"end":{"line":72,"column":69}},"line":72},"5":{"name":"(anonymous_5)","decl":{"start":{"line":122,"column":22},"end":{"line":122,"column":23}},"loc":{"start":{"line":122,"column":44},"end":{"line":158,"column":3}},"line":122},"6":{"name":"(anonymous_6)","decl":{"start":{"line":139,"column":17},"end":{"line":139,"column":18}},"loc":{"start":{"line":139,"column":23},"end":{"line":139,"column":67}},"line":139},"7":{"name":"(anonymous_7)","decl":{"start":{"line":171,"column":30},"end":{"line":171,"column":31}},"loc":{"start":{"line":172,"column":14},"end":{"line":180,"column":16}},"line":172},"8":{"name":"(anonymous_8)","decl":{"start":{"line":190,"column":33},"end":{"line":190,"column":34}},"loc":{"start":{"line":191,"column":14},"end":{"line":198,"column":16}},"line":191},"9":{"name":"(anonymous_9)","decl":{"start":{"line":219,"column":26},"end":{"line":219,"column":27}},"loc":{"start":{"line":220,"column":12},"end":{"line":220,"column":48}},"line":220},"10":{"name":"(anonymous_10)","decl":{"start":{"line":227,"column":12},"end":{"line":227,"column":13}},"loc":{"start":{"line":228,"column":14},"end":{"line":264,"column":15}},"line":228},"11":{"name":"(anonymous_11)","decl":{"start":{"line":247,"column":31},"end":{"line":247,"column":32}},"loc":{"start":{"line":247,"column":37},"end":{"line":247,"column":65}},"line":247},"12":{"name":"(anonymous_12)","decl":{"start":{"line":260,"column":55},"end":{"line":260,"column":56}},"loc":{"start":{"line":261,"column":20},"end":{"line":261,"column":56}},"line":261},"13":{"name":"(anonymous_13)","decl":{"start":{"line":275,"column":30},"end":{"line":275,"column":31}},"loc":{"start":{"line":276,"column":12},"end":{"line":276,"column":51}},"line":276}},"branchMap":{"0":{"loc":{"start":{"line":42,"column":4},"end":{"line":44,"column":44}},"type":"binary-expr","locations":[{"start":{"line":42,"column":4},"end":{"line":42,"column":27}},{"start":{"line":43,"column":4},"end":{"line":43,"column":31}},{"start":{"line":44,"column":4},"end":{"line":44,"column":44}}],"line":42},"1":{"loc":{"start":{"line":55,"column":6},"end":{"line":57,"column":20}},"type":"binary-expr","locations":[{"start":{"line":55,"column":6},"end":{"line":55,"column":35}},{"start":{"line":56,"column":6},"end":{"line":56,"column":55}},{"start":{"line":57,"column":6},"end":{"line":57,"column":20}}],"line":55},"2":{"loc":{"start":{"line":99,"column":15},"end":{"line":99,"column":56}},"type":"binary-expr","locations":[{"start":{"line":99,"column":15},"end":{"line":99,"column":29}},{"start":{"line":99,"column":33},"end":{"line":99,"column":56}}],"line":99},"3":{"loc":{"start":{"line":124,"column":6},"end":{"line":126,"column":20}},"type":"binary-expr","locations":[{"start":{"line":124,"column":6},"end":{"line":124,"column":54}},{"start":{"line":125,"column":6},"end":{"line":125,"column":34}},{"start":{"line":126,"column":6},"end":{"line":126,"column":20}}],"line":124},"4":{"loc":{"start":{"line":161,"column":2},"end":{"line":204,"column":3}},"type":"if","locations":[{"start":{"line":161,"column":2},"end":{"line":204,"column":3}},{"start":{},"end":{}}],"line":161},"5":{"loc":{"start":{"line":228,"column":14},"end":{"line":264,"column":15}},"type":"binary-expr","locations":[{"start":{"line":228,"column":14},"end":{"line":228,"column":33}},{"start":{"line":229,"column":16},"end":{"line":263,"column":22}}],"line":228}},"s":{"0":1,"1":1,"2":6,"3":6,"4":6,"5":12,"6":6,"7":6,"8":6,"9":6,"10":6,"11":6,"12":12,"13":12,"14":1,"15":6,"16":4,"17":4,"18":0,"19":6,"20":2,"21":8,"22":10,"23":4,"24":4,"25":8,"26":1,"27":8,"28":4},"f":{"0":6,"1":12,"2":6,"3":12,"4":1,"5":4,"6":0,"7":8,"8":10,"9":4,"10":8,"11":1,"12":8,"13":4},"b":{"0":[6,4,4],"1":[12,12,12],"2":[12,0],"3":[4,4,4],"4":[2,4],"5":[8,8]},"_coverageSchema":"1a1c01bbd47fc00a2c39e90264f33305004495a9","hash":"43f7c3dbfc910d1b1055cfbc367f081921419db5"}
,"/home/parmeshragav.e/phase2_project/src/Pages/Login.tsx": {"path":"/home/parmeshragav.e/phase2_project/src/Pages/Login.tsx","statementMap":{"0":{"start":{"line":27,"column":19},"end":{"line":27,"column":32}},"1":{"start":{"line":28,"column":19},"end":{"line":28,"column":32}},"2":{"start":{"line":30,"column":32},"end":{"line":30,"column":46}},"3":{"start":{"line":31,"column":34},"end":{"line":31,"column":46}},"4":{"start":{"line":32,"column":34},"end":{"line":32,"column":46}},"5":{"start":{"line":33,"column":28},"end":{"line":33,"column":40}},"6":{"start":{"line":34,"column":32},"end":{"line":34,"column":44}},"7":{"start":{"line":35,"column":30},"end":{"line":35,"column":66}},"8":{"start":{"line":37,"column":19},"end":{"line":53,"column":3}},"9":{"start":{"line":38,"column":46},"end":{"line":38,"column":48}},"10":{"start":{"line":40,"column":4},"end":{"line":40,"column":67}},"11":{"start":{"line":40,"column":26},"end":{"line":40,"column":67}},"12":{"start":{"line":41,"column":4},"end":{"line":43,"column":63}},"13":{"start":{"line":41,"column":26},"end":{"line":41,"column":67}},"14":{"start":{"line":42,"column":9},"end":{"line":43,"column":63}},"15":{"start":{"line":43,"column":6},"end":{"line":43,"column":63}},"16":{"start":{"line":45,"column":4},"end":{"line":49,"column":5}},"17":{"start":{"line":46,"column":6},"end":{"line":48,"column":42}},"18":{"start":{"line":46,"column":25},"end":{"line":46,"column":60}},"19":{"start":{"line":47,"column":11},"end":{"line":48,"column":42}},"20":{"start":{"line":48,"column":8},"end":{"line":48,"column":42}},"21":{"start":{"line":51,"column":4},"end":{"line":51,"column":25}},"22":{"start":{"line":52,"column":4},"end":{"line":52,"column":47}},"23":{"start":{"line":55,"column":27},"end":{"line":79,"column":3}},"24":{"start":{"line":56,"column":18},"end":{"line":56,"column":67}},"25":{"start":{"line":58,"column":17},"end":{"line":60,"column":5}},"26":{"start":{"line":59,"column":18},"end":{"line":59,"column":68}},"27":{"start":{"line":62,"column":4},"end":{"line":65,"column":5}},"28":{"start":{"line":63,"column":6},"end":{"line":63,"column":50}},"29":{"start":{"line":64,"column":6},"end":{"line":64,"column":13}},"30":{"start":{"line":67,"column":28},"end":{"line":72,"column":5}},"31":{"start":{"line":74,"column":4},"end":{"line":74,"column":53}},"32":{"start":{"line":75,"column":4},"end":{"line":75,"column":42}},"33":{"start":{"line":76,"column":4},"end":{"line":76,"column":68}},"34":{"start":{"line":78,"column":4},"end":{"line":78,"column":18}},"35":{"start":{"line":81,"column":23},"end":{"line":105,"column":3}},"36":{"start":{"line":82,"column":18},"end":{"line":82,"column":67}},"37":{"start":{"line":84,"column":20},"end":{"line":89,"column":5}},"38":{"start":{"line":91,"column":4},"end":{"line":91,"column":24}},"39":{"start":{"line":92,"column":4},"end":{"line":92,"column":57}},"40":{"start":{"line":94,"column":28},"end":{"line":99,"column":5}},"41":{"start":{"line":101,"column":4},"end":{"line":101,"column":53}},"42":{"start":{"line":102,"column":4},"end":{"line":102,"column":42}},"43":{"start":{"line":104,"column":4},"end":{"line":104,"column":18}},"44":{"start":{"line":107,"column":23},"end":{"line":113,"column":3}},"45":{"start":{"line":108,"column":4},"end":{"line":108,"column":23}},"46":{"start":{"line":109,"column":4},"end":{"line":109,"column":28}},"47":{"start":{"line":109,"column":21},"end":{"line":109,"column":28}},"48":{"start":{"line":111,"column":4},"end":{"line":112,"column":24}},"49":{"start":{"line":111,"column":17},"end":{"line":111,"column":36}},"50":{"start":{"line":112,"column":9},"end":{"line":112,"column":24}},"51":{"start":{"line":115,"column":30},"end":{"line":131,"column":3}},"52":{"start":{"line":116,"column":18},"end":{"line":116,"column":32}},"53":{"start":{"line":117,"column":34},"end":{"line":117,"column":50}},"54":{"start":{"line":119,"column":23},"end":{"line":124,"column":5}},"55":{"start":{"line":126,"column":4},"end":{"line":126,"column":41}},"56":{"start":{"line":127,"column":4},"end":{"line":127,"column":63}},"57":{"start":{"line":129,"column":4},"end":{"line":129,"column":40}},"58":{"start":{"line":130,"column":4},"end":{"line":130,"column":18}},"59":{"start":{"line":133,"column":2},"end":{"line":208,"column":4}},"60":{"start":{"line":156,"column":33},"end":{"line":156,"column":57}},"61":{"start":{"line":164,"column":31},"end":{"line":164,"column":58}},"62":{"start":{"line":172,"column":31},"end":{"line":172,"column":58}},"63":{"start":{"line":198,"column":25},"end":{"line":198,"column":45}}},"fnMap":{"0":{"name":"Login","decl":{"start":{"line":26,"column":24},"end":{"line":26,"column":29}},"loc":{"start":{"line":26,"column":32},"end":{"line":209,"column":1}},"line":26},"1":{"name":"(anonymous_1)","decl":{"start":{"line":37,"column":19},"end":{"line":37,"column":20}},"loc":{"start":{"line":37,"column":25},"end":{"line":53,"column":3}},"line":37},"2":{"name":"(anonymous_2)","decl":{"start":{"line":55,"column":27},"end":{"line":55,"column":28}},"loc":{"start":{"line":55,"column":33},"end":{"line":79,"column":3}},"line":55},"3":{"name":"(anonymous_3)","decl":{"start":{"line":59,"column":6},"end":{"line":59,"column":7}},"loc":{"start":{"line":59,"column":18},"end":{"line":59,"column":68}},"line":59},"4":{"name":"(anonymous_4)","decl":{"start":{"line":81,"column":23},"end":{"line":81,"column":24}},"loc":{"start":{"line":81,"column":29},"end":{"line":105,"column":3}},"line":81},"5":{"name":"(anonymous_5)","decl":{"start":{"line":107,"column":23},"end":{"line":107,"column":24}},"loc":{"start":{"line":107,"column":47},"end":{"line":113,"column":3}},"line":107},"6":{"name":"(anonymous_6)","decl":{"start":{"line":115,"column":30},"end":{"line":115,"column":31}},"loc":{"start":{"line":115,"column":44},"end":{"line":131,"column":3}},"line":115},"7":{"name":"(anonymous_7)","decl":{"start":{"line":156,"column":26},"end":{"line":156,"column":27}},"loc":{"start":{"line":156,"column":33},"end":{"line":156,"column":57}},"line":156},"8":{"name":"(anonymous_8)","decl":{"start":{"line":164,"column":24},"end":{"line":164,"column":25}},"loc":{"start":{"line":164,"column":31},"end":{"line":164,"column":58}},"line":164},"9":{"name":"(anonymous_9)","decl":{"start":{"line":172,"column":24},"end":{"line":172,"column":25}},"loc":{"start":{"line":172,"column":31},"end":{"line":172,"column":58}},"line":172},"10":{"name":"(anonymous_10)","decl":{"start":{"line":198,"column":19},"end":{"line":198,"column":20}},"loc":{"start":{"line":198,"column":25},"end":{"line":198,"column":45}},"line":198}},"branchMap":{"0":{"loc":{"start":{"line":40,"column":4},"end":{"line":40,"column":67}},"type":"if","locations":[{"start":{"line":40,"column":4},"end":{"line":40,"column":67}},{"start":{},"end":{}}],"line":40},"1":{"loc":{"start":{"line":41,"column":4},"end":{"line":43,"column":63}},"type":"if","locations":[{"start":{"line":41,"column":4},"end":{"line":43,"column":63}},{"start":{"line":42,"column":9},"end":{"line":43,"column":63}}],"line":41},"2":{"loc":{"start":{"line":42,"column":9},"end":{"line":43,"column":63}},"type":"if","locations":[{"start":{"line":42,"column":9},"end":{"line":43,"column":63}},{"start":{},"end":{}}],"line":42},"3":{"loc":{"start":{"line":45,"column":4},"end":{"line":49,"column":5}},"type":"if","locations":[{"start":{"line":45,"column":4},"end":{"line":49,"column":5}},{"start":{},"end":{}}],"line":45},"4":{"loc":{"start":{"line":46,"column":6},"end":{"line":48,"column":42}},"type":"if","locations":[{"start":{"line":46,"column":6},"end":{"line":48,"column":42}},{"start":{"line":47,"column":11},"end":{"line":48,"column":42}}],"line":46},"5":{"loc":{"start":{"line":47,"column":11},"end":{"line":48,"column":42}},"type":"if","locations":[{"start":{"line":47,"column":11},"end":{"line":48,"column":42}},{"start":{},"end":{}}],"line":47},"6":{"loc":{"start":{"line":56,"column":29},"end":{"line":56,"column":66}},"type":"binary-expr","locations":[{"start":{"line":56,"column":29},"end":{"line":56,"column":58}},{"start":{"line":56,"column":62},"end":{"line":56,"column":66}}],"line":56},"7":{"loc":{"start":{"line":59,"column":18},"end":{"line":59,"column":68}},"type":"binary-expr","locations":[{"start":{"line":59,"column":18},"end":{"line":59,"column":41}},{"start":{"line":59,"column":45},"end":{"line":59,"column":68}}],"line":59},"8":{"loc":{"start":{"line":62,"column":4},"end":{"line":65,"column":5}},"type":"if","locations":[{"start":{"line":62,"column":4},"end":{"line":65,"column":5}},{"start":{},"end":{}}],"line":62},"9":{"loc":{"start":{"line":71,"column":15},"end":{"line":71,"column":33}},"type":"binary-expr","locations":[{"start":{"line":71,"column":15},"end":{"line":71,"column":27}},{"start":{"line":71,"column":31},"end":{"line":71,"column":33}}],"line":71},"10":{"loc":{"start":{"line":82,"column":29},"end":{"line":82,"column":66}},"type":"binary-expr","locations":[{"start":{"line":82,"column":29},"end":{"line":82,"column":58}},{"start":{"line":82,"column":62},"end":{"line":82,"column":66}}],"line":82},"11":{"loc":{"start":{"line":109,"column":4},"end":{"line":109,"column":28}},"type":"if","locations":[{"start":{"line":109,"column":4},"end":{"line":109,"column":28}},{"start":{},"end":{}}],"line":109},"12":{"loc":{"start":{"line":111,"column":4},"end":{"line":112,"column":24}},"type":"if","locations":[{"start":{"line":111,"column":4},"end":{"line":112,"column":24}},{"start":{"line":112,"column":9},"end":{"line":112,"column":24}}],"line":111},"13":{"loc":{"start":{"line":145,"column":11},"end":{"line":145,"column":40}},"type":"cond-expr","locations":[{"start":{"line":145,"column":21},"end":{"line":145,"column":28}},{"start":{"line":145,"column":31},"end":{"line":145,"column":40}}],"line":145},"14":{"loc":{"start":{"line":150,"column":13},"end":{"line":158,"column":13}},"type":"binary-expr","locations":[{"start":{"line":150,"column":13},"end":{"line":150,"column":21}},{"start":{"line":151,"column":14},"end":{"line":157,"column":16}}],"line":150},"15":{"loc":{"start":{"line":176,"column":15},"end":{"line":176,"column":44}},"type":"cond-expr","locations":[{"start":{"line":176,"column":25},"end":{"line":176,"column":32}},{"start":{"line":176,"column":35},"end":{"line":176,"column":44}}],"line":176},"16":{"loc":{"start":{"line":202,"column":11},"end":{"line":202,"column":69}},"type":"cond-expr","locations":[{"start":{"line":202,"column":21},"end":{"line":202,"column":40}},{"start":{"line":202,"column":43},"end":{"line":202,"column":69}}],"line":202},"17":{"loc":{"start":{"line":205,"column":9},"end":{"line":205,"column":54}},"type":"binary-expr","locations":[{"start":{"line":205,"column":9},"end":{"line":205,"column":16}},{"start":{"line":205,"column":20},"end":{"line":205,"column":54}}],"line":205}},"s":{"0":21,"1":21,"2":21,"3":21,"4":21,"5":21,"6":21,"7":21,"8":21,"9":5,"10":5,"11":2,"12":5,"13":2,"14":3,"15":0,"16":5,"17":1,"18":0,"19":1,"20":0,"21":5,"22":5,"23":21,"24":2,"25":2,"26":2,"27":2,"28":1,"29":1,"30":1,"31":1,"32":1,"33":1,"34":1,"35":21,"36":1,"37":1,"38":1,"39":1,"40":1,"41":1,"42":1,"43":1,"44":21,"45":5,"46":5,"47":2,"48":3,"49":2,"50":1,"51":21,"52":1,"53":1,"54":1,"55":1,"56":1,"57":1,"58":1,"59":21,"60":1,"61":3,"62":3,"63":2},"f":{"0":21,"1":5,"2":2,"3":2,"4":1,"5":5,"6":1,"7":1,"8":3,"9":3,"10":2},"b":{"0":[2,3],"1":[2,3],"2":[0,3],"3":[1,4],"4":[0,1],"5":[0,1],"6":[2,0],"7":[2,1],"8":[1,1],"9":[1,1],"10":[1,1],"11":[2,3],"12":[2,1],"13":[15,6],"14":[21,6],"15":[15,6],"16":[15,6],"17":[21,1]},"_coverageSchema":"1a1c01bbd47fc00a2c39e90264f33305004495a9","hash":"3d749cc038b6dacdef3f85a30cebe9fa8f49e69b"}
,"/home/parmeshragav.e/phase2_project/src/Pages/Search.tsx": {"path":"/home/parmeshragav.e/phase2_project/src/Pages/Search.tsx","statementMap":{"0":{"start":{"line":35,"column":23},"end":{"line":35,"column":67}},"1":{"start":{"line":36,"column":15},"end":{"line":36,"column":81}},"2":{"start":{"line":37,"column":17},"end":{"line":37,"column":69}},"3":{"start":{"line":40,"column":13},"end":{"line":40,"column":31}},"4":{"start":{"line":42,"column":4},"end":{"line":46,"column":8}},"5":{"start":{"line":48,"column":2},"end":{"line":48,"column":34}},"6":{"start":{"line":48,"column":12},"end":{"line":48,"column":34}},"7":{"start":{"line":49,"column":2},"end":{"line":49,"column":44}},"8":{"start":{"line":49,"column":33},"end":{"line":49,"column":44}},"9":{"start":{"line":51,"column":2},"end":{"line":53,"column":39}},"10":{"start":{"line":57,"column":19},"end":{"line":57,"column":32}},"11":{"start":{"line":58,"column":19},"end":{"line":58,"column":32}},"12":{"start":{"line":61,"column":28},"end":{"line":61,"column":40}},"13":{"start":{"line":62,"column":28},"end":{"line":62,"column":40}},"14":{"start":{"line":63,"column":34},"end":{"line":63,"column":56}},"15":{"start":{"line":64,"column":36},"end":{"line":64,"column":48}},"16":{"start":{"line":65,"column":32},"end":{"line":65,"column":44}},"17":{"start":{"line":66,"column":26},"end":{"line":66,"column":37}},"18":{"start":{"line":67,"column":40},"end":{"line":67,"column":55}},"19":{"start":{"line":70,"column":36},"end":{"line":70,"column":51}},"20":{"start":{"line":71,"column":34},"end":{"line":71,"column":49}},"21":{"start":{"line":74,"column":54},"end":{"line":76,"column":3}},"22":{"start":{"line":75,"column":26},"end":{"line":75,"column":38}},"23":{"start":{"line":79,"column":22},"end":{"line":79,"column":57}},"24":{"start":{"line":81,"column":24},"end":{"line":103,"column":3}},"25":{"start":{"line":83,"column":6},"end":{"line":86,"column":7}},"26":{"start":{"line":84,"column":8},"end":{"line":84,"column":27}},"27":{"start":{"line":85,"column":8},"end":{"line":85,"column":15}},"28":{"start":{"line":88,"column":6},"end":{"line":88,"column":24}},"29":{"start":{"line":89,"column":6},"end":{"line":89,"column":49}},"30":{"start":{"line":89,"column":23},"end":{"line":89,"column":41}},"31":{"start":{"line":91,"column":6},"end":{"line":100,"column":8}},"32":{"start":{"line":106,"column":2},"end":{"line":108,"column":13}},"33":{"start":{"line":107,"column":4},"end":{"line":107,"column":24}},"34":{"start":{"line":111,"column":26},"end":{"line":117,"column":3}},"35":{"start":{"line":112,"column":4},"end":{"line":112,"column":63}},"36":{"start":{"line":112,"column":29},"end":{"line":112,"column":63}},"37":{"start":{"line":113,"column":4},"end":{"line":116,"column":12}},"38":{"start":{"line":114,"column":6},"end":{"line":114,"column":17}},"39":{"start":{"line":115,"column":6},"end":{"line":115,"column":23}},"40":{"start":{"line":120,"column":2},"end":{"line":122,"column":14}},"41":{"start":{"line":121,"column":4},"end":{"line":121,"column":22}},"42":{"start":{"line":125,"column":2},"end":{"line":127,"column":44}},"43":{"start":{"line":126,"column":4},"end":{"line":126,"column":22}},"44":{"start":{"line":130,"column":23},"end":{"line":132,"column":3}},"45":{"start":{"line":131,"column":4},"end":{"line":131,"column":22}},"46":{"start":{"line":134,"column":24},"end":{"line":137,"column":5}},"47":{"start":{"line":135,"column":4},"end":{"line":137,"column":5}},"48":{"start":{"line":136,"column":6},"end":{"line":136,"column":67}},"49":{"start":{"line":136,"column":44},"end":{"line":136,"column":51}},"50":{"start":{"line":139,"column":23},"end":{"line":172,"column":3}},"51":{"start":{"line":140,"column":4},"end":{"line":171,"column":11}},"52":{"start":{"line":151,"column":21},"end":{"line":151,"column":71}},"53":{"start":{"line":174,"column":2},"end":{"line":362,"column":4}},"54":{"start":{"line":180,"column":23},"end":{"line":180,"column":42}},"55":{"start":{"line":200,"column":33},"end":{"line":200,"column":57}},"56":{"start":{"line":212,"column":28},"end":{"line":212,"column":41}},"57":{"start":{"line":243,"column":31},"end":{"line":243,"column":56}},"58":{"start":{"line":243,"column":53},"end":{"line":243,"column":55}},"59":{"start":{"line":259,"column":18},"end":{"line":264,"column":20}},"60":{"start":{"line":263,"column":35},"end":{"line":263,"column":65}},"61":{"start":{"line":271,"column":18},"end":{"line":276,"column":20}},"62":{"start":{"line":275,"column":35},"end":{"line":275,"column":51}},"63":{"start":{"line":286,"column":35},"end":{"line":286,"column":63}},"64":{"start":{"line":293,"column":35},"end":{"line":293,"column":61}},"65":{"start":{"line":308,"column":20},"end":{"line":308,"column":33}},"66":{"start":{"line":309,"column":20},"end":{"line":309,"column":36}},"67":{"start":{"line":310,"column":20},"end":{"line":310,"column":37}},"68":{"start":{"line":311,"column":20},"end":{"line":311,"column":35}},"69":{"start":{"line":326,"column":16},"end":{"line":332,"column":23}},"70":{"start":{"line":342,"column":16},"end":{"line":344,"column":23}},"71":{"start":{"line":356,"column":34},"end":{"line":356,"column":44}}},"fnMap":{"0":{"name":"getImage","decl":{"start":{"line":39,"column":9},"end":{"line":39,"column":17}},"loc":{"start":{"line":39,"column":32},"end":{"line":54,"column":1}},"line":39},"1":{"name":"Search","decl":{"start":{"line":56,"column":24},"end":{"line":56,"column":30}},"loc":{"start":{"line":56,"column":33},"end":{"line":363,"column":1}},"line":56},"2":{"name":"(anonymous_2)","decl":{"start":{"line":75,"column":4},"end":{"line":75,"column":5}},"loc":{"start":{"line":75,"column":26},"end":{"line":75,"column":38}},"line":75},"3":{"name":"(anonymous_3)","decl":{"start":{"line":82,"column":4},"end":{"line":82,"column":5}},"loc":{"start":{"line":82,"column":23},"end":{"line":101,"column":5}},"line":82},"4":{"name":"(anonymous_4)","decl":{"start":{"line":89,"column":17},"end":{"line":89,"column":18}},"loc":{"start":{"line":89,"column":23},"end":{"line":89,"column":41}},"line":89},"5":{"name":"(anonymous_5)","decl":{"start":{"line":106,"column":12},"end":{"line":106,"column":13}},"loc":{"start":{"line":106,"column":18},"end":{"line":108,"column":3}},"line":106},"6":{"name":"(anonymous_6)","decl":{"start":{"line":111,"column":26},"end":{"line":111,"column":27}},"loc":{"start":{"line":111,"column":32},"end":{"line":117,"column":3}},"line":111},"7":{"name":"(anonymous_7)","decl":{"start":{"line":113,"column":37},"end":{"line":113,"column":38}},"loc":{"start":{"line":113,"column":43},"end":{"line":116,"column":5}},"line":113},"8":{"name":"(anonymous_8)","decl":{"start":{"line":120,"column":12},"end":{"line":120,"column":13}},"loc":{"start":{"line":120,"column":18},"end":{"line":122,"column":3}},"line":120},"9":{"name":"(anonymous_9)","decl":{"start":{"line":125,"column":12},"end":{"line":125,"column":13}},"loc":{"start":{"line":125,"column":18},"end":{"line":127,"column":3}},"line":125},"10":{"name":"(anonymous_10)","decl":{"start":{"line":130,"column":23},"end":{"line":130,"column":24}},"loc":{"start":{"line":130,"column":29},"end":{"line":132,"column":3}},"line":130},"11":{"name":"(anonymous_11)","decl":{"start":{"line":134,"column":24},"end":{"line":134,"column":25}},"loc":{"start":{"line":135,"column":4},"end":{"line":137,"column":5}},"line":135},"12":{"name":"(anonymous_12)","decl":{"start":{"line":135,"column":16},"end":{"line":135,"column":17}},"loc":{"start":{"line":136,"column":6},"end":{"line":136,"column":67}},"line":136},"13":{"name":"(anonymous_13)","decl":{"start":{"line":136,"column":37},"end":{"line":136,"column":38}},"loc":{"start":{"line":136,"column":44},"end":{"line":136,"column":51}},"line":136},"14":{"name":"(anonymous_14)","decl":{"start":{"line":139,"column":23},"end":{"line":139,"column":24}},"loc":{"start":{"line":140,"column":4},"end":{"line":171,"column":11}},"line":140},"15":{"name":"(anonymous_15)","decl":{"start":{"line":151,"column":15},"end":{"line":151,"column":16}},"loc":{"start":{"line":151,"column":21},"end":{"line":151,"column":71}},"line":151},"16":{"name":"(anonymous_16)","decl":{"start":{"line":180,"column":17},"end":{"line":180,"column":18}},"loc":{"start":{"line":180,"column":23},"end":{"line":180,"column":42}},"line":180},"17":{"name":"(anonymous_17)","decl":{"start":{"line":200,"column":26},"end":{"line":200,"column":27}},"loc":{"start":{"line":200,"column":33},"end":{"line":200,"column":57}},"line":200},"18":{"name":"(anonymous_18)","decl":{"start":{"line":211,"column":35},"end":{"line":211,"column":36}},"loc":{"start":{"line":211,"column":41},"end":{"line":213,"column":27}},"line":211},"19":{"name":"(anonymous_19)","decl":{"start":{"line":243,"column":25},"end":{"line":243,"column":26}},"loc":{"start":{"line":243,"column":31},"end":{"line":243,"column":56}},"line":243},"20":{"name":"(anonymous_20)","decl":{"start":{"line":243,"column":46},"end":{"line":243,"column":47}},"loc":{"start":{"line":243,"column":53},"end":{"line":243,"column":55}},"line":243},"21":{"name":"(anonymous_21)","decl":{"start":{"line":258,"column":28},"end":{"line":258,"column":29}},"loc":{"start":{"line":259,"column":18},"end":{"line":264,"column":20}},"line":259},"22":{"name":"(anonymous_22)","decl":{"start":{"line":263,"column":29},"end":{"line":263,"column":30}},"loc":{"start":{"line":263,"column":35},"end":{"line":263,"column":65}},"line":263},"23":{"name":"(anonymous_23)","decl":{"start":{"line":270,"column":30},"end":{"line":270,"column":31}},"loc":{"start":{"line":271,"column":18},"end":{"line":276,"column":20}},"line":271},"24":{"name":"(anonymous_24)","decl":{"start":{"line":275,"column":29},"end":{"line":275,"column":30}},"loc":{"start":{"line":275,"column":35},"end":{"line":275,"column":51}},"line":275},"25":{"name":"(anonymous_25)","decl":{"start":{"line":286,"column":28},"end":{"line":286,"column":29}},"loc":{"start":{"line":286,"column":35},"end":{"line":286,"column":63}},"line":286},"26":{"name":"(anonymous_26)","decl":{"start":{"line":293,"column":28},"end":{"line":293,"column":29}},"loc":{"start":{"line":293,"column":35},"end":{"line":293,"column":61}},"line":293},"27":{"name":"(anonymous_27)","decl":{"start":{"line":307,"column":27},"end":{"line":307,"column":28}},"loc":{"start":{"line":307,"column":33},"end":{"line":312,"column":19}},"line":307},"28":{"name":"(anonymous_28)","decl":{"start":{"line":325,"column":45},"end":{"line":325,"column":46}},"loc":{"start":{"line":326,"column":16},"end":{"line":332,"column":23}},"line":326},"29":{"name":"(anonymous_29)","decl":{"start":{"line":341,"column":28},"end":{"line":341,"column":29}},"loc":{"start":{"line":342,"column":16},"end":{"line":344,"column":23}},"line":342},"30":{"name":"(anonymous_30)","decl":{"start":{"line":356,"column":24},"end":{"line":356,"column":25}},"loc":{"start":{"line":356,"column":34},"end":{"line":356,"column":44}},"line":356}},"branchMap":{"0":{"loc":{"start":{"line":42,"column":4},"end":{"line":46,"column":8}},"t
[...]
tart":{"line":91,"column":4},"end":{"line":94,"column":7}},"21":{"start":{"line":99,"column":34},"end":{"line":116,"column":1}},"22":{"start":{"line":100,"column":2},"end":{"line":115,"column":4}},"23":{"start":{"line":101,"column":4},"end":{"line":114,"column":5}},"24":{"start":{"line":102,"column":18},"end":{"line":102,"column":96}},"25":{"start":{"line":103,"column":23},"end":{"line":103,"column":43}},"26":{"start":{"line":105,"column":6},"end":{"line":111,"column":9}},"27":{"start":{"line":113,"column":6},"end":{"line":113,"column":47}}},"fnMap":{"0":{"name":"(anonymous_0)","decl":{"start":{"line":41,"column":31},"end":{"line":41,"column":32}},"loc":{"start":{"line":41,"column":37},"end":{"line":53,"column":1}},"line":41},"1":{"name":"(anonymous_1)","decl":{"start":{"line":42,"column":9},"end":{"line":42,"column":10}},"loc":{"start":{"line":42,"column":52},"end":{"line":52,"column":3}},"line":42},"2":{"name":"(anonymous_2)","decl":{"start":{"line":56,"column":35},"end":{"line":56,"column":36}},"loc":{"start":{"line":56,"column":59},"end":{"line":81,"column":1}},"line":56},"3":{"name":"(anonymous_3)","decl":{"start":{"line":57,"column":9},"end":{"line":57,"column":10}},"loc":{"start":{"line":57,"column":52},"end":{"line":80,"column":3}},"line":57},"4":{"name":"(anonymous_4)","decl":{"start":{"line":61,"column":19},"end":{"line":61,"column":20}},"loc":{"start":{"line":62,"column":8},"end":{"line":72,"column":12}},"line":62},"5":{"name":"(anonymous_5)","decl":{"start":{"line":67,"column":16},"end":{"line":67,"column":17}},"loc":{"start":{"line":67,"column":25},"end":{"line":69,"column":11}},"line":67},"6":{"name":"(anonymous_6)","decl":{"start":{"line":70,"column":17},"end":{"line":70,"column":18}},"loc":{"start":{"line":70,"column":23},"end":{"line":72,"column":11}},"line":70},"7":{"name":"(anonymous_7)","decl":{"start":{"line":84,"column":35},"end":{"line":84,"column":36}},"loc":{"start":{"line":84,"column":41},"end":{"line":96,"column":1}},"line":84},"8":{"name":"(anonymous_8)","decl":{"start":{"line":85,"column":9},"end":{"line":85,"column":10}},"loc":{"start":{"line":85,"column":52},"end":{"line":95,"column":3}},"line":85},"9":{"name":"(anonymous_9)","decl":{"start":{"line":99,"column":34},"end":{"line":99,"column":35}},"loc":{"start":{"line":99,"column":55},"end":{"line":116,"column":1}},"line":99},"10":{"name":"(anonymous_10)","decl":{"start":{"line":100,"column":9},"end":{"line":100,"column":10}},"loc":{"start":{"line":100,"column":52},"end":{"line":115,"column":3}},"line":100}},"branchMap":{},"s":{"0":0,"1":0,"2":0,"3":0,"4":0,"5":0,"6":0,"7":0,"8":0,"9":0,"10":0,"11":0,"12":0,"13":0,"14":0,"15":0,"16":0,"17":0,"18":0,"19":0,"20":0,"21":0,"22":0,"23":0,"24":0,"25":0,"26":0,"27":0},"f":{"0":0,"1":0,"2":0,"3":0,"4":0,"5":0,"6":0,"7":0,"8":0,"9":0,"10":0},"b":{}}
,"/home/parmeshragav.e/phase2_project/src/redux/home/HomeReducer.ts": {"path":"/home/parmeshragav.e/phase2_project/src/redux/home/HomeReducer.ts","statementMap":{"0":{"start":{"line":16,"column":32},"end":{"line":20,"column":1}},"1":{"start":{"line":22,"column":27},"end":{"line":49,"column":1}},"2":{"start":{"line":26,"column":2},"end":{"line":48,"column":3}},"3":{"start":{"line":28,"column":6},"end":{"line":28,"column":54}},"4":{"start":{"line":31,"column":6},"end":{"line":31,"column":58}},"5":{"start":{"line":34,"column":6},"end":{"line":34,"column":58}},"6":{"start":{"line":37,"column":6},"end":{"line":43,"column":8}},"7":{"start":{"line":47,"column":6},"end":{"line":47,"column":19}}},"fnMap":{"0":{"name":"(anonymous_0)","decl":{"start":{"line":22,"column":27},"end":{"line":22,"column":28}},"loc":{"start":{"line":25,"column":16},"end":{"line":49,"column":1}},"line":25}},"branchMap":{"0":{"loc":{"start":{"line":23,"column":2},"end":{"line":23,"column":22}},"type":"default-arg","locations":[{"start":{"line":23,"column":10},"end":{"line":23,"column":22}}],"line":23},"1":{"loc":{"start":{"line":26,"column":2},"end":{"line":48,"column":3}},"type":"switch","locations":[{"start":{"line":27,"column":4},"end":{"line":28,"column":54}},{"start":{"line":30,"column":4},"end":{"line":31,"column":58}},{"start":{"line":33,"column":4},"end":{"line":34,"column":58}},{"start":{"line":36,"column":4},"end":{"line":43,"column":8}},{"start":{"line":46,"column":4},"end":{"line":47,"column":19}}],"line":26}},"s":{"0":0,"1":0,"2":0,"3":0,"4":0,"5":0,"6":0,"7":0},"f":{"0":0},"b":{"0":[0],"1":[0,0,0,0,0]}}
,"/home/parmeshragav.e/phase2_project/src/redux/movies/MoviesActions.ts": {"path":"/home/parmeshragav.e/phase2_project/src/redux/movies/MoviesActions.ts","statementMap":{"0":{"start":{"line":3,"column":16},"end":{"line":3,"column":48}},"1":{"start":{"line":5,"column":34},"end":{"line":5,"column":54}},"2":{"start":{"line":6,"column":36},"end":{"line":6,"column":58}},"3":{"start":{"line":7,"column":34},"end":{"line":7,"column":54}},"4":{"start":{"line":9,"column":30},"end":{"line":24,"column":1}},"5":{"start":{"line":9,"column":36},"end":{"line":24,"column":1}},"6":{"start":{"line":10,"column":2},"end":{"line":10,"column":41}},"7":{"start":{"line":12,"column":2},"end":{"line":23,"column":3}},"8":{"start":{"line":13,"column":16},"end":{"line":13,"column":94}},"9":{"start":{"line":15,"column":16},"end":{"line":15,"column":36}},"10":{"start":{"line":17,"column":4},"end":{"line":20,"column":7}},"11":{"start":{"line":22,"column":4},"end":{"line":22,"column":57}}},"fnMap":{"0":{"name":"(anonymous_0)","decl":{"start":{"line":9,"column":30},"end":{"line":9,"column":31}},"loc":{"start":{"line":9,"column":36},"end":{"line":24,"column":1}},"line":9},"1":{"name":"(anonymous_1)","decl":{"start":{"line":9,"column":36},"end":{"line":9,"column":37}},"loc":{"start":{"line":9,"column":61},"end":{"line":24,"column":1}},"line":9}},"branchMap":{"0":{"loc":{"start":{"line":19,"column":15},"end":{"line":19,"column":38}},"type":"binary-expr","locations":[{"start":{"line":19,"column":15},"end":{"line":19,"column":32}},{"start":{"line":19,"column":36},"end":{"line":19,"column":38}}],"line":19}},"s":{"0":0,"1":0,"2":0,"3":0,"4":0,"5":0,"6":0,"7":0,"8":0,"9":0,"10":0,"11":0},"f":{"0":0,"1":0},"b":{"0":[0,0]}}
,"/home/parmeshragav.e/phase2_project/src/redux/movies/MoviesReducer.ts": {"path":"/home/parmeshragav.e/phase2_project/src/redux/movies/MoviesReducer.ts","statementMap":{"0":{"start":{"line":7,"column":21},"end":{"line":11,"column":1}},"1":{"start":{"line":14,"column":2},"end":{"line":23,"column":3}},"2":{"start":{"line":16,"column":6},"end":{"line":16,"column":41}},"3":{"start":{"line":18,"column":6},"end":{"line":18,"column":66}},"4":{"start":{"line":20,"column":6},"end":{"line":20,"column":65}},"5":{"start":{"line":22,"column":6},"end":{"line":22,"column":19}}},"fnMap":{"0":{"name":"moviesReducer","decl":{"start":{"line":13,"column":24},"end":{"line":13,"column":37}},"loc":{"start":{"line":13,"column":73},"end":{"line":24,"column":1}},"line":13}},"branchMap":{"0":{"loc":{"start":{"line":13,"column":38},"end":{"line":13,"column":58}},"type":"default-arg","locations":[{"start":{"line":13,"column":46},"end":{"line":13,"column":58}}],"line":13},"1":{"loc":{"start":{"line":14,"column":2},"end":{"line":23,"column":3}},"type":"switch","locations":[{"start":{"line":15,"column":4},"end":{"line":16,"column":41}},{"start":{"line":17,"column":4},"end":{"line":18,"column":66}},{"start":{"line":19,"column":4},"end":{"line":20,"column":65}},{"start":{"line":21,"column":4},"end":{"line":22,"column":19}}],"line":14}},"s":{"0":0,"1":0,"2":0,"3":0,"4":0,"5":0},"f":{"0":0},"b":{"0":[0],"1":[0,0,0,0]}}
,"/home/parmeshragav.e/phase2_project/src/redux/search/SearchActions.ts": {"path":"/home/parmeshragav.e/phase2_project/src/redux/search/SearchActions.ts","statementMap":{"0":{"start":{"line":5,"column":30},"end":{"line":5,"column":55}},"1":{"start":{"line":6,"column":30},"end":{"line":6,"column":55}},"2":{"start":{"line":7,"column":30},"end":{"line":7,"column":55}},"3":{"start":{"line":33,"column":16},"end":{"line":33,"column":48}},"4":{"start":{"line":36,"column":16},"end":{"line":47,"column":1}},"5":{"start":{"line":37,"column":26},"end":{"line":37,"column":28}},"6":{"start":{"line":39,"column":2},"end":{"line":39,"column":53}},"7":{"start":{"line":39,"column":13},"end":{"line":39,"column":53}},"8":{"start":{"line":41,"column":2},"end":{"line":44,"column":3}},"9":{"start":{"line":42,"column":15},"end":{"line":42,"column":64}},"10":{"start":{"line":42,"column":35},"end":{"line":42,"column":50}},"11":{"start":{"line":43,"column":4},"end":{"line":43,"column":26}},"12":{"start":{"line":46,"column":2},"end":{"line":46,"column":42}},"13":{"start":{"line":49,"column":35},"end":{"line":101,"column":1}},"14":{"start":{"line":57,"column":2},"end":{"line":100,"column":4}},"15":{"start":{"line":58,"column":4},"end":{"line":58,"column":39}},"16":{"start":{"line":60,"column":4},"end":{"line":99,"column":5}},"17":{"start":{"line":61,"column":67},"end":{"line":61,"column":71}},"18":{"start":{"line":63,"column":42},"end":{"line":67,"column":7}},"19":{"start":{"line":69,"column":17},"end":{"line":69,"column":41}},"20":{"start":{"line":70,"column":6},"end":{"line":70,"column":29}},"21":{"start":{"line":70,"column":14},"end":{"line":70,"column":29}},"22":{"start":{"line":72,"column":6},"end":{"line":72,"column":69}},"23":{"start":{"line":72,"column":21},"end":{"line":72,"column":69}},"24":{"start":{"line":73,"column":6},"end":{"line":73,"column":63}},"25":{"start":{"line":73,"column":19},"end":{"line":73,"column":63}},"26":{"start":{"line":75,"column":18},"end":{"line":78,"column":7}},"27":{"start":{"line":80,"column":19},"end":{"line":80,"column":48}},"28":{"start":{"line":81,"column":19},"end":{"line":81,"column":57}},"29":{"start":{"line":83,"column":25},"end":{"line":83,"column":60}},"30":{"start":{"line":85,"column":6},"end":{"line":93,"column":9}},"31":{"start":{"line":95,"column":6},"end":{"line":98,"column":9}}},"fnMap":{"0":{"name":"(anonymous_0)","decl":{"start":{"line":36,"column":16},"end":{"line":36,"column":17}},"loc":{"start":{"line":36,"column":57},"end":{"line":47,"column":1}},"line":36},"1":{"name":"(anonymous_1)","decl":{"start":{"line":42,"column":28},"end":{"line":42,"column":29}},"loc":{"start":{"line":42,"column":35},"end":{"line":42,"column":50}},"line":42},"2":{"name":"(anonymous_2)","decl":{"start":{"line":49,"column":35},"end":{"line":49,"column":36}},"loc":{"start":{"line":56,"column":6},"end":{"line":101,"column":1}},"line":56},"3":{"name":"(anonymous_3)","decl":{"start":{"line":57,"column":9},"end":{"line":57,"column":10}},"loc":{"start":{"line":57,"column":54},"end":{"line":100,"column":3}},"line":57}},"branchMap":{"0":{"loc":{"start":{"line":39,"column":2},"end":{"line":39,"column":53}},"type":"if","locations":[{"start":{"line":39,"column":2},"end":{"line":39,"column":53}},{"start":{},"end":{}}],"line":39},"1":{"loc":{"start":{"line":41,"column":2},"end":{"line":44,"column":3}},"type":"if","locations":[{"start":{"line":41,"column":2},"end":{"line":44,"column":3}},{"start":{},"end":{}}],"line":41},"2":{"loc":{"start":{"line":41,"column":6},"end":{"line":41,"column":37}},"type":"binary-expr","locations":[{"start":{"line":41,"column":6},"end":{"line":41,"column":14}},{"start":{"line":41,"column":18},"end":{"line":41,"column":37}}],"line":41},"3":{"loc":{"start":{"line":46,"column":9},"end":{"line":46,"column":41}},"type":"binary-expr","locations":[{"start":{"line":46,"column":9},"end":{"line":46,"column":28}},{"start":{"line":46,"column":32},"end":{"line":46,"column":41}}],"line":46},"4":{"loc":{"start":{"line":65,"column":11},"end":{"line":65,"column":30}},"type":"binary-expr","locations":[{"start":{"line":65,"column":11},"end":{"line":65,"column":23}},{"start":{"line":65,"column":27},"end":{"line":65,"column":30}}],"line":65},"5":{"loc":{"start":{"line":70,"column":6},"end":{"line":70,"column":29}},"type":"if","locations":[{"start":{"line":70,"column":6},"end":{"line":70,"column":29}},{"start":{},"end":{}}],"line":70},"6":{"loc":{"start":{"line":72,"column":6},"end":{"line":72,"column":69}},"type":"if","locations":[{"start":{"line":72,"column":6},"end":{"line":72,"column":69}},{"start":{},"end":{}}],"line":72},"7":{"loc":{"start":{"line":73,"column":6},"end":{"line":73,"column":63}},"type":"if","locations":[{"start":{"line":73,"column":6},"end":{"line":73,"column":63}},{"start":{},"end":{}}],"line":73},"8":{"loc":{"start":{"line":80,"column":19},"end":{"line":80,"column":48}},"type":"binary-expr","locations":[{"start":{"line":80,"column":19},"end":{"line":80,"column":42}},{"start":{"line":80,"column":46},"end":{"line":80,"column":48}}],"line":80},"9":{"loc":{"start":{"line":81,"column":19},"end":{"line":81,"column":57}},"type":"binary-expr","locations":[{"start":{"line":81,"column":19},"end":{"line":81,"column":52}},{"start":{"line":81,"column":56},"end":{"line":81,"column":57}}],"line":81},"10":{"loc":{"start":{"line":97,"column":17},"end":{"line":97,"column":49}},"type":"binary-expr","locations":[{"start":{"line":97,"column":17},"end":{"line":97,"column":30}},{"start":{"line":97,"column":34},"end":{"line":97,"column":49}}],"line":97}},"s":{"0":0,"1":0,"2":0,"3":0,"4":0,"5":0,"6":0,"7":0,"8":0,"9":0,"10":0,"11":0,"12":0,"13":0,"14":0,"15":0,"16":0,"17":0,"18":0,"19":0,"20":0,"21":0,"22":0,"23":0,"24":0,"25":0,"26":0,"27":0,"28":0,"29":0,"30":0,"31":0},"f":{"0":0,"1":0,"2":0,"3":0},"b":{"0":[0,0],"1":[0,0],"2":[0,0],"3":[0,0],"4":[0,0],"5":[0,0],"6":[0,0],"7":[0,0],"8":[0,0],"9":[0,0],"10":[0,0]}}
,"/home/parmeshragav.e/phase2_project/src/redux/search/SearchReducer.ts": {"path":"/home/parmeshragav.e/phase2_project/src/redux/search/SearchReducer.ts","statementMap":{"0":{"start":{"line":19,"column":34},"end":{"line":26,"column":1}},"1":{"start":{"line":28,"column":22},"end":{"line":63,"column":1}},"2":{"start":{"line":32,"column":2},"end":{"line":62,"column":3}},"3":{"start":{"line":34,"column":6},"end":{"line":39,"column":8}},"4":{"start":{"line":42,"column":6},"end":{"line":49,"column":8}},"5":{"start":{"line":52,"column":6},"end":{"line":58,"column":8}},"6":{"start":{"line":61,"column":6},"end":{"line":61,"column":19}}},"fnMap":{"0":{"name":"(anonymous_0)","decl":{"start":{"line":28,"column":22},"end":{"line":28,"column":23}},"loc":{"start":{"line":31,"column":18},"end":{"line":63,"column":1}},"line":31}},"branchMap":{"0":{"loc":{"start":{"line":29,"column":2},"end":{"line":29,"column":35}},"type":"default-arg","locations":[{"start":{"line":29,"column":23},"end":{"line":29,"column":35}}],"line":29},"1":{"loc":{"start":{"line":32,"column":2},"end":{"line":62,"column":3}},"type":"switch","locations":[{"start":{"line":33,"column":4},"end":{"line":39,"column":8}},{"start":{"line":41,"column":4},"end":{"line":49,"column":8}},{"start":{"line":51,"column":4},"end":{"line":58,"column":8}},{"start":{"line":60,"column":4},"end":{"line":61,"column":19}}],"line":32}},"s":{"0":0,"1":0,"2":0,"3":0,"4":0,"5":0,"6":0},"f":{"0":0},"b":{"0":[0],"1":[0,0,0,0]}}
,"/home/parmeshragav.e/phase2_project/src/redux/subscription/subscriptionActions.ts": {"path":"/home/parmeshragav.e/phase2_project/src/redux/subscription/subscriptionActions.ts","statementMap":{"0":{"start":{"line":1,"column":30},"end":{"line":1,"column":46}},"1":{"start":{"line":3,"column":29},"end":{"line":6,"column":2}},"2":{"start":{"line":3,"column":50},"end":{"line":6,"column":1}}},"fnMap":{"0":{"name":"(anonymous_0)","decl":{"start":{"line":3,"column":29},"end":{"line":3,"column":30}},"loc":{"start":{"line":3,"column":50},"end":{"line":6,"column":1}},"line":3}},"branchMap":{},"s":{"0":0,"1":0,"2":0},"f":{"0":0},"b":{}}
,"/home/parmeshragav.e/phase2_project/src/redux/subscription/subscriptionReducer.ts": {"path":"/home/parmeshragav.e/phase2_project/src/redux/subscription/subscriptionReducer.ts","statementMap":{"0":{"start":{"line":3,"column":21},"end":{"line":5,"column":1}},"1":{"start":{"line":8,"column":2},"end":{"line":14,"column":3}},"2":{"start":{"line":10,"column":6},"end":{"line":10,"column":54}},"3":{"start":{"line":13,"column":6},"end":{"line":13,"column":19}}},"fnMap":{"0":{"name":"subscriptionReducer","decl":{"start":{"line":7,"column":24},"end":{"line":7,"column":43}},"loc":{"start":{"line":7,"column":79},"end":{"line":15,"column":1}},"line":7}},"branchMap":{"0":{"loc":{"start":{"line":7,"column":44},"end":{"line":7,"column":64}},"type":"default-arg","locations":[{"start":{"line":7,"column":52},"end":{"line":7,"column":64}}],"line":7},"1":{"loc":{"start":{"line":8,"column":2},"end":{"line":14,"column":3}},"type":"switch","locations":[{"start":{"line":9,"column":4},"end":{"line":10,"column":54}},{"start":{"line":12,"column":4},"end":{"line":13,"column":19}}],"line":8}},"s":{"0":0,"1":0,"2":0,"3":0},"f":{"0":0},"b":{"0":[0],"1":[0,0]}}
,"/home/parmeshragav.e/phase2_project/src/utils/favoriteUtils.ts": {"path":"/home/parmeshragav.e/phase2_project/src/utils/favoriteUtils.ts","statementMap":{"0":{"start":{"line":2,"column":30},"end":{"line":3,"column":25}},"1":{"start":{"line":3,"column":2},"end":{"line":3,"column":25}},"2":{"start":{"line":6,"column":28},"end":{"line":9,"column":1}},"3":{"start":{"line":7,"column":14},"end":{"line":7,"column":38}},"4":{"start":{"line":8,"column":2},"end":{"line":8,"column":55}},"5":{"start":{"line":12,"column":27},"end":{"line":22,"column":1}},"6":{"start":{"line":13,"column":14},"end":{"line":13,"column":38}},"7":{"start":{"line":14,"column":18},"end":{"line":14,"column":40}},"8":{"start":{"line":17,"column":17},"end":{"line":17,"column":64}},"9":{"start":{"line":17,"column":42},"end":{"line":17,"column":63}},"10":{"start":{"line":18,"column":2},"end":{"line":21,"column":3}},"11":{"start":{"line":19,"column":4},"end":{"line":19,"column":26}},"12":{"start":{"line":20,"column":4},"end":{"line":20,"column":55}},"13":{"start":{"line":25,"column":30},"end":{"line":30,"column":1}},"14":{"start":{"line":26,"column":14},"end":{"line":26,"column":38}},"15":{"start":{"line":27,"column":16},"end":{"line":27,"column":38}},"16":{"start":{"line":28,"column":2},"end":{"line":28,"column":54}},"17":{"start":{"line":28,"column":39},"end":{"line":28,"column":52}},"18":{"start":{"line":29,"column":2},"end":{"line":29,"column":53}}},"fnMap":{"0":{"name":"(anonymous_0)","decl":{"start":{"line":2,"column":30},"end":{"line":2,"column":31}},"loc":{"start":{"line":3,"column":2},"end":{"line":3,"column":25}},"line":3},"1":{"name":"(anonymous_1)","decl":{"start":{"line":6,"column":28},"end":{"line":6,"column":29}},"loc":{"start":{"line":6,"column":50},"end":{"line":9,"column":1}},"line":6},"2":{"name":"(anonymous_2)","decl":{"start":{"line":12,"column":27},"end":{"line":12,"column":28}},"loc":{"start":{"line":12,"column":63},"end":{"line":22,"column":1}},"line":12},"3":{"name":"(anonymous_3)","decl":{"start":{"line":17,"column":30},"end":{"line":17,"column":31}},"loc":{"start":{"line":17,"column":42},"end":{"line":17,"column":63}},"line":17},"4":{"name":"(anonymous_4)","decl":{"start":{"line":25,"column":30},"end":{"line":25,"column":31}},"loc":{"start":{"line":25,"column":65},"end":{"line":30,"column":1}},"line":25},"5":{"name":"(anonymous_5)","decl":{"start":{"line":28,"column":27},"end":{"line":28,"column":28}},"loc":{"start":{"line":28,"column":39},"end":{"line":28,"column":52}},"line":28}},"branchMap":{"0":{"loc":{"start":{"line":8,"column":20},"end":{"line":8,"column":53}},"type":"binary-expr","locations":[{"start":{"line":8,"column":20},"end":{"line":8,"column":45}},{"start":{"line":8,"column":49},"end":{"line":8,"column":53}}],"line":8},"1":{"loc":{"start":{"line":18,"column":2},"end":{"line":21,"column":3}},"type":"if","locations":[{"start":{"line":18,"column":2},"end":{"line":21,"column":3}},{"start":{},"end":{}}],"line":18}},"s":{"0":1,"1":0,"2":1,"3":0,"4":0,"5":1,"6":0,"7":0,"8":0,"9":0,"10":0,"11":0,"12":0,"13":1,"14":0,"15":0,"16":0,"17":0,"18":0},"f":{"0":0,"1":0,"2":0,"3":0,"4":0,"5":0},"b":{"0":[0,0],"1":[0,0]},"_coverageSchema":"1a1c01bbd47fc00a2c39e90264f33305004495a9","hash":"89c59c40b4c42621788cc625e4e1ccf0da577f43"}
}
