TN:
SF:src/App.tsx
FN:18,App
FNF:1
FNH:0
FNDA:0,App
DA:19,0
LF:1
LH:0
BRF:0
BRH:0
end_of_record
TN:
SF:src/main.tsx
FNF:0
FNH:0
DA:13,0
DA:15,0
DA:16,0
DA:19,0
LF:4
LH:0
BRDA:15,0,0,0
BRDA:15,0,1,0
BRF:2
BRH:0
end_of_record
TN:
SF:src/Components/BooksCategoryDropdown.tsx
FN:20,BooksCategoryDropdown
FN:24,(anonymous_1)
FN:40,(anonymous_2)
FN:58,(anonymous_3)
FN:68,(anonymous_4)
FN:76,(anonymous_5)
FN:79,(anonymous_6)
FNF:7
FNH:0
FNDA:0,BooksCategoryDropdown
FNDA:0,(anonymous_1)
FNDA:0,(anonymous_2)
FNDA:0,(anonymous_3)
FNDA:0,(anonymous_4)
FNDA:0,(anonymous_5)
FNDA:0,(anonymous_6)
DA:10,0
DA:21,0
DA:24,0
DA:26,0
DA:40,0
DA:58,0
DA:69,0
DA:70,0
DA:77,0
DA:80,0
DA:81,0
LF:11
LH:0
BRDA:24,0,0,0
BRDA:24,0,1,0
BRF:2
BRH:0
end_of_record
TN:
SF:src/Components/FavoriteHeart.tsx
FN:13,FavoriteHeart
FN:14,(anonymous_1)
FN:18,(anonymous_2)
FN:21,(anonymous_3)
FN:26,(anonymous_4)
FNF:5
FNH:3
FNDA:6,FavoriteHeart
FNDA:12,(anonymous_1)
FNDA:6,(anonymous_2)
FNDA:0,(anonymous_3)
FNDA:0,(anonymous_4)
DA:14,12
DA:16,6
DA:18,6
DA:19,6
DA:20,0
DA:21,0
DA:22,0
DA:26,6
DA:27,0
DA:29,0
DA:30,0
DA:31,0
DA:34,0
DA:35,0
DA:36,0
DA:38,0
DA:39,0
DA:43,6
LF:18
LH:6
BRDA:19,0,0,0
BRDA:19,0,1,6
BRDA:29,1,0,0
BRDA:29,1,1,0
BRDA:34,2,0,0
BRDA:34,2,1,0
BRDA:55,3,0,0
BRDA:55,3,1,6
BRF:8
BRH:2
end_of_record
TN:
SF:src/Components/Footer.tsx
FN:3,Footer
FNF:1
FNH:0
FNDA:0,Footer
DA:4,0
LF:1
LH:0
BRF:0
BRH:0
end_of_record
TN:
SF:src/Components/Navbar.tsx
FN:29,Navbar
FN:33,(anonymous_1)
FN:34,(anonymous_2)
FN:45,(anonymous_3)
FN:46,(anonymous_4)
FN:60,(anonymous_5)
FN:63,(anonymous_6)
FN:64,(anonymous_7)
FN:66,(anonymous_8)
FN:73,(anonymous_9)
FN:83,(anonymous_10)
FN:106,(anonymous_11)
FN:110,(anonymous_12)
FN:123,(anonymous_13)
FN:136,(anonymous_14)
FN:146,(anonymous_15)
FN:195,(anonymous_16)
FN:241,(anonymous_17)
FN:270,(anonymous_18)
FN:302,(anonymous_19)
FN:310,(anonymous_20)
FN:319,(anonymous_21)
FN:326,(anonymous_22)
FNF:23
FNH:0
FNDA:0,Navbar
FNDA:0,(anonymous_1)
FNDA:0,(anonymous_2)
FNDA:0,(anonymous_3)
FNDA:0,(anonymous_4)
FNDA:0,(anonymous_5)
FNDA:0,(anonymous_6)
FNDA:0,(anonymous_7)
FNDA:0,(anonymous_8)
FNDA:0,(anonymous_9)
FNDA:0,(anonymous_10)
FNDA:0,(anonymous_11)
FNDA:0,(anonymous_12)
FNDA:0,(anonymous_13)
FNDA:0,(anonymous_14)
FNDA:0,(anonymous_15)
FNDA:0,(anonymous_16)
FNDA:0,(anonymous_17)
FNDA:0,(anonymous_18)
FNDA:0,(anonymous_19)
FNDA:0,(anonymous_20)
FNDA:0,(anonymous_21)
FNDA:0,(anonymous_22)
DA:30,0
DA:31,0
DA:33,0
DA:34,0
DA:36,0
DA:37,0
DA:40,0
DA:41,0
DA:44,0
DA:45,0
DA:46,0
DA:47,0
DA:48,0
DA:58,0
DA:59,0
DA:60,0
DA:63,0
DA:64,0
DA:66,0
DA:67,0
DA:68,0
DA:69,0
DA:73,0
DA:74,0
DA:76,0
DA:77,0
DA:80,0
DA:83,0
DA:84,0
DA:85,0
DA:90,0
DA:107,0
DA:111,0
DA:112,0
DA:124,0
DA:125,0
DA:137,0
DA:138,0
DA:147,0
DA:148,0
DA:158,0
DA:195,0
DA:241,0
DA:270,0
DA:303,0
DA:310,0
DA:319,0
DA:326,0
LF:48
LH:0
BRDA:74,0,0,0
BRDA:74,0,1,0
BRDA:129,1,0,0
BRDA:129,1,1,0
BRDA:133,2,0,0
BRDA:133,2,1,0
BRDA:221,3,0,0
BRDA:221,3,1,0
BRDA:229,4,0,0
BRDA:229,4,1,0
BRDA:232,5,0,0
BRDA:232,5,1,0
BRDA:247,6,0,0
BRDA:247,6,1,0
BRF:14
BRH:0
end_of_record
TN:
SF:src/Components/NewsletterDialog.tsx
FN:18,NewsletterDialog
FN:23,(anonymous_1)
FN:25,(anonymous_2)
FN:41,(anonymous_3)
FN:55,(anonymous_4)
FNF:5
FNH:0
FNDA:0,NewsletterDialog
FNDA:0,(anonymous_1)
FNDA:0,(anonymous_2)
FNDA:0,(anonymous_3)
FNDA:0,(anonymous_4)
DA:19,0
DA:20,0
DA:21,0
DA:23,0
DA:25,0
DA:26,0
DA:27,0
DA:29,0
DA:30,0
DA:31,0
DA:34,0
DA:35,0
DA:36,0
DA:39,0
DA:41,0
DA:42,0
DA:46,0
DA:55,0
LF:18
LH:0
BRDA:29,0,0,0
BRDA:29,0,1,0
BRDA:34,1,0,0
BRDA:34,1,1,0
BRDA:60,2,0,0
BRDA:60,2,1,0
BRF:6
BRH:0
end_of_record
TN:
SF:src/Components/ProtectedRoute.tsx
FN:10,ProtectedRoute
FN:12,(anonymous_1)
FNF:2
FNH:0
FNDA:0,ProtectedRoute
FNDA:0,(anonymous_1)
DA:11,0
DA:12,0
DA:15,0
DA:17,0
LF:4
LH:0
BRDA:15,0,0,0
BRDA:15,0,1,0
BRF:2
BRH:0
end_of_record
TN:
SF:src/Components/SkeletonCard.tsx
FN:3,SkeletonCard
FNF:1
FNH:1
FNDA:18,SkeletonCard
DA:9,18
LF:1
LH:1
BRDA:4,0,0,18
BRDA:5,1,0,18
BRDA:6,2,0,0
BRDA:7,3,0,0
BRDA:15,4,0,18
BRDA:15,4,1,0
BRDA:25,5,0,18
BRDA:25,5,1,0
BRDA:26,6,0,18
BRDA:26,6,1,0
BRF:10
BRH:5
end_of_record
TN:
SF:src/Pages/ArticleDetail.tsx
FN:15,ArticleDetail
FN:72,(anonymous_1)
FN:148,(anonymous_2)
FN:168,(anonymous_3)
FNF:4
FNH:0
FNDA:0,ArticleDetail
FNDA:0,(anonymous_1)
FNDA:0,(anonymous_2)
FNDA:0,(anonymous_3)
DA:16,0
DA:17,0
DA:18,0
DA:24,0
DA:33,0
DA:34,0
DA:36,0
DA:41,0
DA:43,0
DA:49,0
DA:72,0
DA:149,0
DA:169,0
LF:13
LH:0
BRDA:24,0,0,0
BRDA:24,0,1,0
BRDA:25,1,0,0
BRDA:25,1,1,0
BRDA:28,2,0,0
BRDA:28,2,1,0
BRDA:33,3,0,0
BRDA:33,3,1,0
BRDA:34,4,0,0
BRDA:34,4,1,0
BRDA:36,5,0,0
BRDA:36,5,1,0
BRDA:36,5,2,0
BRDA:41,6,0,0
BRDA:41,6,1,0
BRDA:41,6,2,0
BRDA:96,7,0,0
BRDA:96,7,1,0
BRDA:109,8,0,0
BRDA:109,8,1,0
BRDA:121,9,0,0
BRDA:121,9,1,0
BRDA:139,10,0,0
BRDA:139,10,1,0
BRDA:147,11,0,0
BRDA:147,11,1,0
BRDA:170,12,0,0
BRDA:170,12,1,0
BRDA:170,12,2,0
BRF:29
BRH:0
end_of_record
TN:
SF:src/Pages/BooksDetailPage.tsx
FN:16,BookDetailPage
FN:39,(anonymous_1)
FN:83,(anonymous_2)
FN:92,(anonymous_3)
FNF:4
FNH:1
FNDA:4,BookDetailPage
FNDA:0,(anonymous_1)
FNDA:0,(anonymous_2)
FNDA:0,(anonymous_3)
DA:17,4
DA:18,4
DA:19,4
DA:21,4
DA:22,4
DA:28,0
DA:39,0
DA:84,0
DA:92,0
LF:9
LH:5
BRDA:21,0,0,4
BRDA:21,0,1,0
BRDA:72,1,0,0
BRDA:72,1,1,0
BRF:4
BRH:1
end_of_record
TN:
SF:src/Pages/BooksPage.tsx
FN:33,BooksPage
FN:38,(anonymous_1)
FN:43,(anonymous_2)
FN:53,(anonymous_3)
FN:74,(anonymous_4)
FN:79,(anonymous_5)
FN:83,(anonymous_6)
FN:87,(anonymous_7)
FNF:8
FNH:8
FNDA:5,BooksPage
FNDA:10,(anonymous_1)
FNDA:5,(anonymous_2)
FNDA:16,(anonymous_3)
FNDA:3,(anonymous_4)
FNDA:1,(anonymous_5)
FNDA:3,(anonymous_6)
FNDA:1,(anonymous_7)
DA:23,1
DA:34,5
DA:35,5
DA:37,5
DA:38,10
DA:41,5
DA:43,5
DA:44,5
DA:47,5
DA:48,2
DA:54,16
DA:63,3
DA:74,3
DA:79,1
DA:84,3
DA:88,1
LF:16
LH:16
BRDA:47,0,0,2
BRDA:47,0,1,3
BRF:2
BRH:2
end_of_record
TN:
SF:src/Pages/CategoryPage.tsx
FN:26,getImage
FN:29,(anonymous_1)
FN:48,CategoryPage
FN:54,(anonymous_3)
FN:57,(anonymous_4)
FN:73,(anonymous_5)
FN:78,(anonymous_6)
FN:83,(anonymous_7)
FN:155,(anonymous_8)
FN:184,(anonymous_9)
FNF:10
FNH:8
FNDA:10,getImage
FNDA:0,(anonymous_1)
FNDA:7,CategoryPage
FNDA:14,(anonymous_3)
FNDA:7,(anonymous_4)
FNDA:0,(anonymous_5)
FNDA:10,(anonymous_6)
FNDA:1,(anonymous_7)
FNDA:1,(anonymous_8)
FNDA:10,(anonymous_9)
DA:24,1
DA:27,10
DA:28,10
DA:29,0
DA:30,0
DA:32,0
DA:33,0
DA:38,10
DA:39,10
DA:40,10
DA:41,0
DA:42,0
DA:45,10
DA:49,7
DA:50,7
DA:51,7
DA:53,7
DA:54,14
DA:57,7
DA:58,7
DA:61,7
DA:64,7
DA:65,7
DA:67,7
DA:68,7
DA:73,7
DA:74,0
DA:75,0
DA:78,7
DA:79,10
DA:81,10
DA:83,1
DA:144,7
DA:155,1
DA:185,10
LF:35
LH:27
BRDA:28,0,0,0
BRDA:28,0,1,10
BRDA:28,1,0,10
BRDA:28,1,1,10
BRDA:30,2,0,0
BRDA:30,2,1,0
BRDA:30,3,0,0
BRDA:30,3,1,0
BRDA:30,4,0,0
BRDA:30,4,1,0
BRDA:32,5,0,0
BRDA:32,5,1,0
BRDA:33,6,0,0
BRDA:33,6,1,0
BRDA:40,7,0,0
BRDA:40,7,1,10
BRDA:40,8,0,10
BRDA:40,8,1,0
BRDA:42,9,0,0
BRDA:42,9,1,0
BRDA:54,10,0,14
BRDA:54,10,1,0
BRDA:58,11,0,7
BRDA:58,11,1,0
BRDA:61,12,0,7
BRDA:61,12,1,0
BRDA:61,13,0,7
BRDA:61,13,1,0
BRDA:123,14,0,10
BRDA:123,14,1,0
BRDA:137,15,0,10
BRDA:137,15,1,8
BRDA:177,16,0,4
BRDA:177,16,1,3
BRDA:185,17,0,10
BRDA:185,17,1,0
BRDA:191,18,0,7
BRDA:191,18,1,1
BRF:38
BRH:17
end_of_record
TN:
SF:src/Pages/Favorites.tsx
FN:21,Favorites
FN:23,(anonymous_1)
FN:27,(anonymous_2)
FN:34,(anonymous_3)
FN:70,(anonymous_4)
FN:86,(anonymous_5)
FN:103,(anonymous_6)
FN:139,(anonymous_7)
FNF:8
FNH:8
FNDA:10,Favorites
FNDA:15,(anonymous_1)
FNDA:5,(anonymous_2)
FNDA:1,(anonymous_3)
FNDA:1,(anonymous_4)
FNDA:4,(anonymous_5)
FNDA:1,(anonymous_6)
FNDA:1,(anonymous_7)
DA:19,1
DA:22,10
DA:23,15
DA:25,10
DA:27,10
DA:28,5
DA:29,4
DA:30,4
DA:34,10
DA:35,1
DA:36,1
DA:37,1
DA:40,10
DA:41,1
DA:70,1
DA:76,9
DA:88,4
DA:93,4
DA:103,1
DA:140,1
DA:141,1
LF:21
LH:21
BRDA:28,0,0,4
BRDA:28,0,1,1
BRDA:35,1,0,0
BRDA:35,1,1,1
BRDA:40,2,0,1
BRDA:40,2,1,9
BRDA:82,3,0,5
BRDA:82,3,1,4
BRDA:88,4,0,4
BRDA:88,4,1,4
BRDA:88,4,2,4
BRDA:88,4,3,4
BRDA:114,5,0,4
BRDA:114,5,1,0
BRDA:128,6,0,4
BRDA:128,6,1,0
BRF:16
BRH:13
end_of_record
TN:
SF:src/Pages/HomePage.tsx
FN:33,HomePage
FN:38,(anonymous_1)
FN:46,(anonymous_2)
FN:53,(anonymous_3)
FN:72,(anonymous_4)
FN:122,(anonymous_5)
FN:139,(anonymous_6)
FN:171,(anonymous_7)
FN:190,(anonymous_8)
FN:219,(anonymous_9)
FN:227,(anonymous_10)
FN:247,(anonymous_11)
FN:260,(anonymous_12)
FN:275,(anonymous_13)
FNF:14
FNH:13
FNDA:6,HomePage
FNDA:12,(anonymous_1)
FNDA:6,(anonymous_2)
FNDA:12,(anonymous_3)
FNDA:1,(anonymous_4)
FNDA:4,(anonymous_5)
FNDA:0,(anonymous_6)
FNDA:8,(anonymous_7)
FNDA:10,(anonymous_8)
FNDA:4,(anonymous_9)
FNDA:8,(anonymous_10)
FNDA:1,(anonymous_11)
FNDA:8,(anonymous_12)
FNDA:4,(anonymous_13)
DA:29,1
DA:31,1
DA:34,6
DA:35,6
DA:37,6
DA:38,12
DA:42,6
DA:46,6
DA:47,6
DA:48,6
DA:49,6
DA:53,6
DA:55,12
DA:59,12
DA:72,1
DA:122,6
DA:124,4
DA:128,4
DA:139,0
DA:161,6
DA:162,2
DA:172,8
DA:191,10
DA:207,4
DA:220,4
DA:228,8
DA:247,1
DA:261,8
DA:276,4
LF:29
LH:28
BRDA:42,0,0,6
BRDA:42,0,1,4
BRDA:42,0,2,4
BRDA:55,1,0,12
BRDA:55,1,1,12
BRDA:55,1,2,12
BRDA:99,2,0,12
BRDA:99,2,1,0
BRDA:124,3,0,4
BRDA:124,3,1,4
BRDA:124,3,2,4
BRDA:161,4,0,2
BRDA:161,4,1,4
BRDA:228,5,0,8
BRDA:228,5,1,8
BRF:15
BRH:14
end_of_record
TN:
SF:src/Pages/Login.tsx
FN:26,Login
FN:37,(anonymous_1)
FN:55,(anonymous_2)
FN:59,(anonymous_3)
FN:81,(anonymous_4)
FN:107,(anonymous_5)
FN:115,(anonymous_6)
FN:156,(anonymous_7)
FN:164,(anonymous_8)
FN:172,(anonymous_9)
FN:198,(anonymous_10)
FNF:11
FNH:11
FNDA:21,Login
FNDA:5,(anonymous_1)
FNDA:2,(anonymous_2)
FNDA:2,(anonymous_3)
FNDA:1,(anonymous_4)
FNDA:5,(anonymous_5)
FNDA:1,(anonymous_6)
FNDA:1,(anonymous_7)
FNDA:3,(anonymous_8)
FNDA:3,(anonymous_9)
FNDA:2,(anonymous_10)
DA:27,21
DA:28,21
DA:30,21
DA:31,21
DA:32,21
DA:33,21
DA:34,21
DA:35,21
DA:37,21
DA:38,5
DA:40,5
DA:41,5
DA:42,3
DA:43,0
DA:45,5
DA:46,1
DA:47,1
DA:48,0
DA:51,5
DA:52,5
DA:55,21
DA:56,2
DA:58,2
DA:59,2
DA:62,2
DA:63,1
DA:64,1
DA:67,1
DA:74,1
DA:75,1
DA:76,1
DA:78,1
DA:81,21
DA:82,1
DA:84,1
DA:91,1
DA:92,1
DA:94,1
DA:101,1
DA:102,1
DA:104,1
DA:107,21
DA:108,5
DA:109,5
DA:111,3
DA:112,1
DA:115,21
DA:116,1
DA:117,1
DA:119,1
DA:126,1
DA:127,1
DA:129,1
DA:130,1
DA:133,21
DA:156,1
DA:164,3
DA:172,3
DA:198,2
LF:59
LH:57
BRDA:40,0,0,2
BRDA:40,0,1,3
BRDA:41,1,0,2
BRDA:41,1,1,3
BRDA:42,2,0,0
BRDA:42,2,1,3
BRDA:45,3,0,1
BRDA:45,3,1,4
BRDA:46,4,0,0
BRDA:46,4,1,1
BRDA:47,5,0,0
BRDA:47,5,1,1
BRDA:56,6,0,2
BRDA:56,6,1,0
BRDA:59,7,0,2
BRDA:59,7,1,1
BRDA:62,8,0,1
BRDA:62,8,1,1
BRDA:71,9,0,1
BRDA:71,9,1,1
BRDA:82,10,0,1
BRDA:82,10,1,1
BRDA:109,11,0,2
BRDA:109,11,1,3
BRDA:111,12,0,2
BRDA:111,12,1,1
BRDA:145,13,0,15
BRDA:145,13,1,6
BRDA:150,14,0,21
BRDA:150,14,1,6
BRDA:176,15,0,15
BRDA:176,15,1,6
BRDA:202,16,0,15
BRDA:202,16,1,6
BRDA:205,17,0,21
BRDA:205,17,1,1
BRF:36
BRH:32
end_of_record
TN:
SF:src/Pages/Search.tsx
FN:39,getImage
FN:56,Search
FN:75,(anonymous_2)
FN:82,(anonymous_3)
FN:89,(anonymous_4)
FN:106,(anonymous_5)
FN:111,(anonymous_6)
FN:113,(anonymous_7)
FN:120,(anonymous_8)
FN:125,(anonymous_9)
FN:130,(anonymous_10)
FN:134,(anonymous_11)
FN:135,(anonymous_12)
FN:136,(anonymous_13)
FN:139,(anonymous_14)
FN:151,(anonymous_15)
FN:180,(anonymous_16)
FN:200,(anonymous_17)
FN:211,(anonymous_18)
FN:243,(anonymous_19)
FN:243,(anonymous_20)
FN:258,(anonymous_21)
FN:263,(anonymous_22)
FN:270,(anonymous_23)
FN:275,(anonymous_24)
FN:286,(anonymous_25)
FN:293,(anonymous_26)
FN:307,(anonymous_27)
FN:325,(anonymous_28)
FN:341,(anonymous_29)
FN:356,(anonymous_30)
FNF:31
FNH:20
FNDA:6,getImage
FNDA:22,Search
FNDA:29,(anonymous_2)
FNDA:12,(anonymous_3)
FNDA:6,(anonymous_4)
FNDA:8,(anonymous_5)
FNDA:16,(anonymous_6)
FNDA:4,(anonymous_7)
FNDA:8,(anonymous_8)
FNDA:8,(anonymous_9)
FNDA:0,(anonymous_10)
FNDA:0,(anonymous_11)
FNDA:0,(anonymous_12)
FNDA:0,(anonymous_13)
FNDA:6,(anonymous_14)
FNDA:1,(anonymous_15)
FNDA:0,(anonymous_16)
FNDA:1,(anonymous_17)
FNDA:0,(anonymous_18)
FNDA:2,(anonymous_19)
FNDA:2,(anonymous_20)
FNDA:132,(anonymous_21)
FNDA:1,(anonymous_22)
FNDA:110,(anonymous_23)
FNDA:0,(anonymous_24)
FNDA:0,(anonymous_25)
FNDA:0,(anonymous_26)
FNDA:0,(anonymous_27)
FNDA:0,(anonymous_28)
FNDA:6,(anonymous_29)
FNDA:1,(anonymous_30)
DA:35,1
DA:36,1
DA:37,1
DA:40,6
DA:42,6
DA:48,6
DA:49,0
DA:51,0
DA:57,22
DA:58,22
DA:61,22
DA:62,22
DA:63,22
DA:64,22
DA:65,22
DA:66,22
DA:67,22
DA:70,22
DA:71,22
DA:74,22
DA:75,29
DA:79,22
DA:81,22
DA:83,12
DA:84,3
DA:85,3
DA:88,9
DA:89,9
DA:91,9
DA:106,22
DA:107,8
DA:111,22
DA:112,16
DA:113,16
DA:114,4
DA:115,4
DA:120,22
DA:121,8
DA:125,22
DA:126,8
DA:130,22
DA:131,0
DA:134,22
DA:135,0
DA:136,0
DA:139,22
DA:140,6
DA:151,1
DA:174,22
DA:180,0
DA:200,1
DA:212,0
DA:243,2
DA:259,132
DA:263,1
DA:271,110
DA:275,0
DA:286,0
DA:293,0
DA:308,0
DA:309,0
DA:310,0
DA:311,0
DA:326,0
DA:342,6
DA:356,1
LF:66
LH:51
BRDA:42,0,0,6
BRDA:42,0,1,6
BRDA:42,0,2,6
BRDA:42,0,3,6
BRDA:42,0,4,6
BRDA:42,0,5,6
BRDA:48,1,0,6
BRDA:48,1,1,0
BRDA:49,2,0,0
BRDA:49,2,1,0
BRDA:51,3,0,0
BRDA:51,3,1,0
BRDA:82,4,0,0
BRDA:83,5,0,3
BRDA:83,5,1,9
BRDA:112,6,0,9
BRDA:112,6,1,7
BRDA:136,7,0,0
BRDA:136,7,1,0
BRDA:208,8,0,22
BRDA:208,8,1,2
BRDA:262,9,0,2
BRDA:262,9,1,130
BRDA:263,10,0,0
BRDA:263,10,1,1
BRDA:274,11,0,0
BRDA:274,11,1,110
BRDA:323,12,0,0
BRDA:323,12,1,22
BRDA:335,13,0,2
BRDA:335,13,1,20
BRDA:351,14,0,22
BRDA:351,14,1,6
BRF:33
BRH:22
end_of_record
TN:
SF:src/models/Auth.ts
FNF:0
FNH:0
LF:0
LH:0
BRF:0
BRH:0
end_of_record
TN:
SF:src/redux/index.ts
FNF:0
FNH:0
DA:10,0
LF:1
LH:0
BRF:0
BRH:0
end_of_record
TN:
SF:src/redux/store.ts
FN:6,(anonymous_0)
FN:8,(anonymous_1)
FN:11,(anonymous_2)
FN:14,(anonymous_3)
FN:24,(anonymous_4)
FN:26,(anonymous_5)
FN:30,(anonymous_6)
FNF:7
FNH:0
FNDA:0,(anonymous_0)
FNDA:0,(anonymous_1)
FNDA:0,(anonymous_2)
FNDA:0,(anonymous_3)
FNDA:0,(anonymous_4)
FNDA:0,(anonymous_5)
FNDA:0,(anonymous_6)
DA:6,0
DA:7,0
DA:9,0
DA:12,0
DA:15,0
DA:21,0
DA:25,0
DA:27,0
DA:28,0
DA:31,0
DA:32,0
DA:38,0
DA:44,0
DA:48,0
DA:50,0
DA:55,0
LF:16
LH:0
BRDA:21,0,0,0
BRDA:21,0,1,0
BRDA:22,1,0,0
BRDA:22,1,1,0
BRDA:48,2,0,0
BRDA:48,2,1,0
BRF:6
BRH:0
end_of_record
TN:
SF:src/redux/auth/authActions.ts
FN:23,(anonymous_0)
FN:28,(anonymous_1)
FNF:2
FNH:1
FNDA:3,(anonymous_0)
FNDA:0,(anonymous_1)
DA:4,1
DA:5,1
DA:23,3
DA:28,1
LF:4
LH:4
BRF:0
BRH:0
end_of_record
TN:
SF:src/redux/auth/authReducer.ts
FN:16,authReducer
FNF:1
FNH:0
FNDA:0,authReducer
DA:10,0
DA:18,0
DA:20,0
DA:28,0
DA:32,0
LF:5
LH:0
BRDA:16,0,0,0
BRDA:18,1,0,0
BRDA:18,1,1,0
BRDA:18,1,2,0
BRF:4
BRH:0
end_of_record
TN:
SF:src/redux/books/BooksActions.ts
FN:33,(anonymous_0)
FN:34,(anonymous_1)
FNF:2
FNH:0
FNDA:0,(anonymous_0)
FNDA:0,(anonymous_1)
DA:5,0
DA:6,0
DA:7,0
DA:31,0
DA:33,0
DA:34,0
DA:35,0
DA:37,0
DA:38,0
DA:40,0
DA:41,0
DA:43,0
DA:48,0
LF:13
LH:0
BRDA:41,0,0,0
BRDA:41,0,1,0
BRDA:50,1,0,0
BRDA:50,1,1,0
BRF:4
BRH:0
end_of_record
TN:
SF:src/redux/books/BooksReducer.ts
FN:23,BooksReducer
FNF:1
FNH:0
FNDA:0,BooksReducer
DA:16,0
DA:27,0
DA:29,0
DA:32,0
DA:40,0
DA:43,0
LF:6
LH:0
BRDA:24,0,0,0
BRDA:27,1,0,0
BRDA:27,1,1,0
BRDA:27,1,2,0
BRDA:27,1,3,0
BRF:5
BRH:0
end_of_record
TN:
SF:src/redux/home/HomeActions.ts
FN:41,(anonymous_0)
FN:42,(anonymous_1)
FN:56,(anonymous_2)
FN:57,(anonymous_3)
FN:61,(anonymous_4)
FN:67,(anonymous_5)
FN:70,(anonymous_6)
FN:84,(anonymous_7)
FN:85,(anonymous_8)
FN:99,(anonymous_9)
FN:100,(anonymous_10)
FNF:11
FNH:0
FNDA:0,(anonymous_0)
FNDA:0,(anonymous_1)
FNDA:0,(anonymous_2)
FNDA:0,(anonymous_3)
FNDA:0,(anonymous_4)
FNDA:0,(anonymous_5)
FNDA:0,(anonymous_6)
FNDA:0,(anonymous_7)
FNDA:0,(anonymous_8)
FNDA:0,(anonymous_9)
FNDA:0,(anonymous_10)
DA:4,0
DA:5,0
DA:6,0
DA:7,0
DA:38,0
DA:41,0
DA:42,0
DA:43,0
DA:48,0
DA:56,0
DA:57,0
DA:58,0
DA:60,0
DA:62,0
DA:68,0
DA:71,0
DA:76,0
DA:84,0
DA:85,0
DA:86,0
DA:91,0
DA:99,0
DA:100,0
DA:101,0
DA:102,0
DA:103,0
DA:105,0
DA:113,0
LF:28
LH:0
BRF:0
BRH:0
end_of_record
TN:
SF:src/redux/home/HomeReducer.ts
FN:22,(anonymous_0)
FNF:1
FNH:0
FNDA:0,(anonymous_0)
DA:16,0
DA:22,0
DA:26,0
DA:28,0
DA:31,0
DA:34,0
DA:37,0
DA:47,0
LF:8
LH:0
BRDA:23,0,0,0
BRDA:26,1,0,0
BRDA:26,1,1,0
BRDA:26,1,2,0
BRDA:26,1,3,0
BRDA:26,1,4,0
BRF:6
BRH:0
end_of_record
TN:
SF:src/redux/movies/MoviesActions.ts
FN:9,(anonymous_0)
FN:9,(anonymous_1)
FNF:2
FNH:0
FNDA:0,(anonymous_0)
FNDA:0,(anonymous_1)
DA:3,0
DA:5,0
DA:6,0
DA:7,0
DA:9,0
DA:10,0
DA:12,0
DA:13,0
DA:15,0
DA:17,0
DA:22,0
LF:11
LH:0
BRDA:19,0,0,0
BRDA:19,0,1,0
BRF:2
BRH:0
end_of_record
TN:
SF:src/redux/movies/MoviesReducer.ts
FN:13,moviesReducer
FNF:1
FNH:0
FNDA:0,moviesReducer
DA:7,0
DA:14,0
DA:16,0
DA:18,0
DA:20,0
DA:22,0
LF:6
LH:0
BRDA:13,0,0,0
BRDA:14,1,0,0
BRDA:14,1,1,0
BRDA:14,1,2,0
BRDA:14,1,3,0
BRF:5
BRH:0
end_of_record
TN:
SF:src/redux/search/SearchActions.ts
FN:36,(anonymous_0)
FN:42,(anonymous_1)
FN:49,(anonymous_2)
FN:57,(anonymous_3)
FNF:4
FNH:0
FNDA:0,(anonymous_0)
FNDA:0,(anonymous_1)
FNDA:0,(anonymous_2)
FNDA:0,(anonymous_3)
DA:5,0
DA:6,0
DA:7,0
DA:33,0
DA:36,0
DA:37,0
DA:39,0
DA:41,0
DA:42,0
DA:43,0
DA:46,0
DA:49,0
DA:57,0
DA:58,0
DA:60,0
DA:61,0
DA:63,0
DA:69,0
DA:70,0
DA:72,0
DA:73,0
DA:75,0
DA:80,0
DA:81,0
DA:83,0
DA:85,0
DA:95,0
LF:27
LH:0
BRDA:39,0,0,0
BRDA:39,0,1,0
BRDA:41,1,0,0
BRDA:41,1,1,0
BRDA:41,2,0,0
BRDA:41,2,1,0
BRDA:46,3,0,0
BRDA:46,3,1,0
BRDA:65,4,0,0
BRDA:65,4,1,0
BRDA:70,5,0,0
BRDA:70,5,1,0
BRDA:72,6,0,0
BRDA:72,6,1,0
BRDA:73,7,0,0
BRDA:73,7,1,0
BRDA:80,8,0,0
BRDA:80,8,1,0
BRDA:81,9,0,0
BRDA:81,9,1,0
BRDA:97,10,0,0
BRDA:97,10,1,0
BRF:22
BRH:0
end_of_record
TN:
SF:src/redux/search/SearchReducer.ts
FN:28,(anonymous_0)
FNF:1
FNH:0
FNDA:0,(anonymous_0)
DA:19,0
DA:28,0
DA:32,0
DA:34,0
DA:42,0
DA:52,0
DA:61,0
LF:7
LH:0
BRDA:29,0,0,0
BRDA:32,1,0,0
BRDA:32,1,1,0
BRDA:32,1,2,0
BRDA:32,1,3,0
BRF:5
BRH:0
end_of_record
TN:
SF:src/redux/subscription/subscriptionActions.ts
FN:3,(anonymous_0)
FNF:1
FNH:0
FNDA:0,(anonymous_0)
DA:1,0
DA:3,0
LF:2
LH:0
BRF:0
BRH:0
end_of_record
TN:
SF:src/redux/subscription/subscriptionReducer.ts
FN:7,subscriptionReducer
FNF:1
FNH:0
FNDA:0,subscriptionReducer
DA:3,0
DA:8,0
DA:10,0
DA:13,0
LF:4
LH:0
BRDA:7,0,0,0
BRDA:8,1,0,0
BRDA:8,1,1,0
BRF:3
BRH:0
end_of_record
TN:
SF:src/utils/favoriteUtils.ts
FN:2,(anonymous_0)
FN:6,(anonymous_1)
FN:12,(anonymous_2)
FN:17,(anonymous_3)
FN:25,(anonymous_4)
FN:28,(anonymous_5)
FNF:6
FNH:0
FNDA:0,(anonymous_0)
FNDA:0,(anonymous_1)
FNDA:0,(anonymous_2)
FNDA:0,(anonymous_3)
FNDA:0,(anonymous_4)
FNDA:0,(anonymous_5)
DA:2,1
DA:3,0
DA:6,1
DA:7,0
DA:8,0
DA:12,1
DA:13,0
DA:14,0
DA:17,0
DA:18,0
DA:19,0
DA:20,0
DA:25,1
DA:26,0
DA:27,0
DA:28,0
DA:29,0
LF:17
LH:4
BRDA:8,0,0,0
BRDA:8,0,1,0
BRDA:18,1,0,0
BRDA:18,1,1,0
BRF:4
BRH:0
end_of_record
